python translate.py -model cover10_lcsts/_acc_*_e30.pt -batch_size 50 -src lcsts/725_source -tgt lcsts/725_target -output penalty/pre.e30_len_0_cov_0 -beam_size 15 -length_penalty wu -coverage_penalty wu -alpha 0 -beta 0
You are using pip version 9.0.1, however version 10.0.0 is available.
You should consider upgrading via the 'pip install --upgrade pip' command.
You are using pip version 9.0.1, however version 10.0.0 is available.
You should consider upgrading via the 'pip install --upgrade pip' command.
/home/gongyifan/work/openNMT-10/onmt/modules/GlobalAttention.py:181: UserWarning: Implicit dimension choice for softmax has been deprecated. Change the call to include dim=X as an argument.
  align_vectors = self.sm(align.view(batch*targetL, sourceL))
/home/gongyifan/env/local/lib/python2.7/site-packages/torch/nn/modules/container.py:67: UserWarning: Implicit dimension choice for log_softmax has been deprecated. Change the call to include dim=X as an argument.
  input = module(input)
/home/gongyifan/env/local/lib/python2.7/site-packages/torch/tensor.py:309: UserWarning: other is not broadcastable to self, but they have the same number of elements.  Falling back to deprecated pointwise behavior.
  return self.add_(other)
Loading model parameters.
('average src size', 108, 725)
==================================================
15 beam_size
wu length_penalty
0.0 alpha
wu coverage_penalty
0.0 beta
==================================================
PRED AVG SCORE: -0.6622, PRED PPL: 1.9390
GOLD AVG SCORE: -2.6950, GOLD PPL: 14.8053
python translate.py -model cover10_lcsts/_acc_*_e30.pt -batch_size 50 -src lcsts/725_source -tgt lcsts/725_target -output penalty/pre.e30_len_0_cov_0.2 -beam_size 15 -length_penalty wu -coverage_penalty wu -alpha 0 -beta 0.2
You are using pip version 9.0.1, however version 10.0.0 is available.
You should consider upgrading via the 'pip install --upgrade pip' command.
You are using pip version 9.0.1, however version 10.0.0 is available.
You should consider upgrading via the 'pip install --upgrade pip' command.
/home/gongyifan/work/openNMT-10/onmt/modules/GlobalAttention.py:181: UserWarning: Implicit dimension choice for softmax has been deprecated. Change the call to include dim=X as an argument.
  align_vectors = self.sm(align.view(batch*targetL, sourceL))
/home/gongyifan/env/local/lib/python2.7/site-packages/torch/nn/modules/container.py:67: UserWarning: Implicit dimension choice for log_softmax has been deprecated. Change the call to include dim=X as an argument.
  input = module(input)
/home/gongyifan/env/local/lib/python2.7/site-packages/torch/tensor.py:309: UserWarning: other is not broadcastable to self, but they have the same number of elements.  Falling back to deprecated pointwise behavior.
  return self.add_(other)
Loading model parameters.
('average src size', 108, 725)
==================================================
15 beam_size
wu length_penalty
0.0 alpha
wu coverage_penalty
0.2 beta
==================================================
PRED AVG SCORE: -3.4987, PRED PPL: 33.0708
GOLD AVG SCORE: -2.6950, GOLD PPL: 14.8053
python translate.py -model cover10_lcsts/_acc_*_e30.pt -batch_size 50 -src lcsts/725_source -tgt lcsts/725_target -output penalty/pre.e30_len_0_cov_0.4 -beam_size 15 -length_penalty wu -coverage_penalty wu -alpha 0 -beta 0.4
You are using pip version 9.0.1, however version 10.0.0 is available.
You should consider upgrading via the 'pip install --upgrade pip' command.
You are using pip version 9.0.1, however version 10.0.0 is available.
You should consider upgrading via the 'pip install --upgrade pip' command.
/home/gongyifan/work/openNMT-10/onmt/modules/GlobalAttention.py:181: UserWarning: Implicit dimension choice for softmax has been deprecated. Change the call to include dim=X as an argument.
  align_vectors = self.sm(align.view(batch*targetL, sourceL))
/home/gongyifan/env/local/lib/python2.7/site-packages/torch/nn/modules/container.py:67: UserWarning: Implicit dimension choice for log_softmax has been deprecated. Change the call to include dim=X as an argument.
  input = module(input)
/home/gongyifan/env/local/lib/python2.7/site-packages/torch/tensor.py:309: UserWarning: other is not broadcastable to self, but they have the same number of elements.  Falling back to deprecated pointwise behavior.
  return self.add_(other)
Loading model parameters.
('average src size', 108, 725)
==================================================
15 beam_size
wu length_penalty
0.0 alpha
wu coverage_penalty
0.4 beta
==================================================
PRED AVG SCORE: -5.6217, PRED PPL: 276.3528
GOLD AVG SCORE: -2.6950, GOLD PPL: 14.8053
python translate.py -model cover10_lcsts/_acc_*_e30.pt -batch_size 50 -src lcsts/725_source -tgt lcsts/725_target -output penalty/pre.e30_len_0_cov_0.6 -beam_size 15 -length_penalty wu -coverage_penalty wu -alpha 0 -beta 0.6
You are using pip version 9.0.1, however version 10.0.0 is available.
You should consider upgrading via the 'pip install --upgrade pip' command.
You are using pip version 9.0.1, however version 10.0.0 is available.
You should consider upgrading via the 'pip install --upgrade pip' command.
/home/gongyifan/work/openNMT-10/onmt/modules/GlobalAttention.py:181: UserWarning: Implicit dimension choice for softmax has been deprecated. Change the call to include dim=X as an argument.
  align_vectors = self.sm(align.view(batch*targetL, sourceL))
/home/gongyifan/env/local/lib/python2.7/site-packages/torch/nn/modules/container.py:67: UserWarning: Implicit dimension choice for log_softmax has been deprecated. Change the call to include dim=X as an argument.
  input = module(input)
/home/gongyifan/env/local/lib/python2.7/site-packages/torch/tensor.py:309: UserWarning: other is not broadcastable to self, but they have the same number of elements.  Falling back to deprecated pointwise behavior.
  return self.add_(other)
Loading model parameters.
('average src size', 108, 725)
==================================================
15 beam_size
wu length_penalty
0.0 alpha
wu coverage_penalty
0.6 beta
==================================================
PRED AVG SCORE: -7.7705, PRED PPL: 2369.6687
GOLD AVG SCORE: -2.6950, GOLD PPL: 14.8053
python translate.py -model cover10_lcsts/_acc_*_e30.pt -batch_size 50 -src lcsts/725_source -tgt lcsts/725_target -output penalty/pre.e30_len_0_cov_0.8 -beam_size 15 -length_penalty wu -coverage_penalty wu -alpha 0 -beta 0.8
You are using pip version 9.0.1, however version 10.0.0 is available.
You should consider upgrading via the 'pip install --upgrade pip' command.
You are using pip version 9.0.1, however version 10.0.0 is available.
You should consider upgrading via the 'pip install --upgrade pip' command.
/home/gongyifan/work/openNMT-10/onmt/modules/GlobalAttention.py:181: UserWarning: Implicit dimension choice for softmax has been deprecated. Change the call to include dim=X as an argument.
  align_vectors = self.sm(align.view(batch*targetL, sourceL))
/home/gongyifan/env/local/lib/python2.7/site-packages/torch/nn/modules/container.py:67: UserWarning: Implicit dimension choice for log_softmax has been deprecated. Change the call to include dim=X as an argument.
  input = module(input)
/home/gongyifan/env/local/lib/python2.7/site-packages/torch/tensor.py:309: UserWarning: other is not broadcastable to self, but they have the same number of elements.  Falling back to deprecated pointwise behavior.
  return self.add_(other)
Loading model parameters.
('average src size', 108, 725)
==================================================
15 beam_size
wu length_penalty
0.0 alpha
wu coverage_penalty
0.8 beta
==================================================
PRED AVG SCORE: -9.9987, PRED PPL: 21998.2857
GOLD AVG SCORE: -2.6950, GOLD PPL: 14.8053
python translate.py -model cover10_lcsts/_acc_*_e30.pt -batch_size 50 -src lcsts/725_source -tgt lcsts/725_target -output penalty/pre.e30_len_0_cov_1.0 -beam_size 15 -length_penalty wu -coverage_penalty wu -alpha 0 -beta 1.0
You are using pip version 9.0.1, however version 10.0.0 is available.
You should consider upgrading via the 'pip install --upgrade pip' command.
You are using pip version 9.0.1, however version 10.0.0 is available.
You should consider upgrading via the 'pip install --upgrade pip' command.
/home/gongyifan/work/openNMT-10/onmt/modules/GlobalAttention.py:181: UserWarning: Implicit dimension choice for softmax has been deprecated. Change the call to include dim=X as an argument.
  align_vectors = self.sm(align.view(batch*targetL, sourceL))
/home/gongyifan/env/local/lib/python2.7/site-packages/torch/nn/modules/container.py:67: UserWarning: Implicit dimension choice for log_softmax has been deprecated. Change the call to include dim=X as an argument.
  input = module(input)
/home/gongyifan/env/local/lib/python2.7/site-packages/torch/tensor.py:309: UserWarning: other is not broadcastable to self, but they have the same number of elements.  Falling back to deprecated pointwise behavior.
  return self.add_(other)
Loading model parameters.
('average src size', 108, 725)
==================================================
15 beam_size
wu length_penalty
0.0 alpha
wu coverage_penalty
1.0 beta
==================================================
PRED AVG SCORE: -12.2372, PRED PPL: 206313.1148
GOLD AVG SCORE: -2.6950, GOLD PPL: 14.8053
python translate.py -model cover10_lcsts/_acc_*_e30.pt -batch_size 50 -src lcsts/725_source -tgt lcsts/725_target -output penalty/pre.e30_len_0.2_cov_0 -beam_size 15 -length_penalty wu -coverage_penalty wu -alpha 0.2 -beta 0
You are using pip version 9.0.1, however version 10.0.0 is available.
You should consider upgrading via the 'pip install --upgrade pip' command.
You are using pip version 9.0.1, however version 10.0.0 is available.
You should consider upgrading via the 'pip install --upgrade pip' command.
/home/gongyifan/work/openNMT-10/onmt/modules/GlobalAttention.py:181: UserWarning: Implicit dimension choice for softmax has been deprecated. Change the call to include dim=X as an argument.
  align_vectors = self.sm(align.view(batch*targetL, sourceL))
/home/gongyifan/env/local/lib/python2.7/site-packages/torch/nn/modules/container.py:67: UserWarning: Implicit dimension choice for log_softmax has been deprecated. Change the call to include dim=X as an argument.
  input = module(input)
/home/gongyifan/env/local/lib/python2.7/site-packages/torch/tensor.py:309: UserWarning: other is not broadcastable to self, but they have the same number of elements.  Falling back to deprecated pointwise behavior.
  return self.add_(other)
Loading model parameters.
('average src size', 108, 725)
==================================================
15 beam_size
wu length_penalty
0.2 alpha
wu coverage_penalty
0.0 beta
==================================================
PRED AVG SCORE: -0.5105, PRED PPL: 1.6662
GOLD AVG SCORE: -2.6950, GOLD PPL: 14.8053
python translate.py -model cover10_lcsts/_acc_*_e30.pt -batch_size 50 -src lcsts/725_source -tgt lcsts/725_target -output penalty/pre.e30_len_0.2_cov_0.2 -beam_size 15 -length_penalty wu -coverage_penalty wu -alpha 0.2 -beta 0.2
You are using pip version 9.0.1, however version 10.0.0 is available.
You should consider upgrading via the 'pip install --upgrade pip' command.
You are using pip version 9.0.1, however version 10.0.0 is available.
You should consider upgrading via the 'pip install --upgrade pip' command.
/home/gongyifan/work/openNMT-10/onmt/modules/GlobalAttention.py:181: UserWarning: Implicit dimension choice for softmax has been deprecated. Change the call to include dim=X as an argument.
  align_vectors = self.sm(align.view(batch*targetL, sourceL))
/home/gongyifan/env/local/lib/python2.7/site-packages/torch/nn/modules/container.py:67: UserWarning: Implicit dimension choice for log_softmax has been deprecated. Change the call to include dim=X as an argument.
  input = module(input)
/home/gongyifan/env/local/lib/python2.7/site-packages/torch/tensor.py:309: UserWarning: other is not broadcastable to self, but they have the same number of elements.  Falling back to deprecated pointwise behavior.
  return self.add_(other)
Loading model parameters.
('average src size', 108, 725)
==================================================
15 beam_size
wu length_penalty
0.2 alpha
wu coverage_penalty
0.2 beta
==================================================
PRED AVG SCORE: -3.0753, PRED PPL: 21.6556
GOLD AVG SCORE: -2.6950, GOLD PPL: 14.8053
python translate.py -model cover10_lcsts/_acc_*_e30.pt -batch_size 50 -src lcsts/725_source -tgt lcsts/725_target -output penalty/pre.e30_len_0.2_cov_0.4 -beam_size 15 -length_penalty wu -coverage_penalty wu -alpha 0.2 -beta 0.4
You are using pip version 9.0.1, however version 10.0.0 is available.
You should consider upgrading via the 'pip install --upgrade pip' command.
You are using pip version 9.0.1, however version 10.0.0 is available.
You should consider upgrading via the 'pip install --upgrade pip' command.
/home/gongyifan/work/openNMT-10/onmt/modules/GlobalAttention.py:181: UserWarning: Implicit dimension choice for softmax has been deprecated. Change the call to include dim=X as an argument.
  align_vectors = self.sm(align.view(batch*targetL, sourceL))
/home/gongyifan/env/local/lib/python2.7/site-packages/torch/nn/modules/container.py:67: UserWarning: Implicit dimension choice for log_softmax has been deprecated. Change the call to include dim=X as an argument.
  input = module(input)
/home/gongyifan/env/local/lib/python2.7/site-packages/torch/tensor.py:309: UserWarning: other is not broadcastable to self, but they have the same number of elements.  Falling back to deprecated pointwise behavior.
  return self.add_(other)
Loading model parameters.
('average src size', 108, 725)
==================================================
15 beam_size
wu length_penalty
0.2 alpha
wu coverage_penalty
0.4 beta
==================================================
PRED AVG SCORE: -5.2238, PRED PPL: 185.6452
GOLD AVG SCORE: -2.6950, GOLD PPL: 14.8053
python translate.py -model cover10_lcsts/_acc_*_e30.pt -batch_size 50 -src lcsts/725_source -tgt lcsts/725_target -output penalty/pre.e30_len_0.2_cov_0.6 -beam_size 15 -length_penalty wu -coverage_penalty wu -alpha 0.2 -beta 0.6
You are using pip version 9.0.1, however version 10.0.0 is available.
You should consider upgrading via the 'pip install --upgrade pip' command.
You are using pip version 9.0.1, however version 10.0.0 is available.
You should consider upgrading via the 'pip install --upgrade pip' command.
/home/gongyifan/work/openNMT-10/onmt/modules/GlobalAttention.py:181: UserWarning: Implicit dimension choice for softmax has been deprecated. Change the call to include dim=X as an argument.
  align_vectors = self.sm(align.view(batch*targetL, sourceL))
/home/gongyifan/env/local/lib/python2.7/site-packages/torch/nn/modules/container.py:67: UserWarning: Implicit dimension choice for log_softmax has been deprecated. Change the call to include dim=X as an argument.
  input = module(input)
/home/gongyifan/env/local/lib/python2.7/site-packages/torch/tensor.py:309: UserWarning: other is not broadcastable to self, but they have the same number of elements.  Falling back to deprecated pointwise behavior.
  return self.add_(other)
Loading model parameters.
('average src size', 108, 725)
==================================================
15 beam_size
wu length_penalty
0.2 alpha
wu coverage_penalty
0.6 beta
==================================================
PRED AVG SCORE: -7.4538, PRED PPL: 1726.3775
GOLD AVG SCORE: -2.6950, GOLD PPL: 14.8053
python translate.py -model cover10_lcsts/_acc_*_e30.pt -batch_size 50 -src lcsts/725_source -tgt lcsts/725_target -output penalty/pre.e30_len_0.2_cov_0.8 -beam_size 15 -length_penalty wu -coverage_penalty wu -alpha 0.2 -beta 0.8
You are using pip version 9.0.1, however version 10.0.0 is available.
You should consider upgrading via the 'pip install --upgrade pip' command.
You are using pip version 9.0.1, however version 10.0.0 is available.
You should consider upgrading via the 'pip install --upgrade pip' command.
/home/gongyifan/work/openNMT-10/onmt/modules/GlobalAttention.py:181: UserWarning: Implicit dimension choice for softmax has been deprecated. Change the call to include dim=X as an argument.
  align_vectors = self.sm(align.view(batch*targetL, sourceL))
/home/gongyifan/env/local/lib/python2.7/site-packages/torch/nn/modules/container.py:67: UserWarning: Implicit dimension choice for log_softmax has been deprecated. Change the call to include dim=X as an argument.
  input = module(input)
/home/gongyifan/env/local/lib/python2.7/site-packages/torch/tensor.py:309: UserWarning: other is not broadcastable to self, but they have the same number of elements.  Falling back to deprecated pointwise behavior.
  return self.add_(other)
Loading model parameters.
('average src size', 108, 725)
==================================================
15 beam_size
wu length_penalty
0.2 alpha
wu coverage_penalty
0.8 beta
==================================================
PRED AVG SCORE: -9.6921, PRED PPL: 16189.1984
GOLD AVG SCORE: -2.6950, GOLD PPL: 14.8053
python translate.py -model cover10_lcsts/_acc_*_e30.pt -batch_size 50 -src lcsts/725_source -tgt lcsts/725_target -output penalty/pre.e30_len_0.2_cov_1.0 -beam_size 15 -length_penalty wu -coverage_penalty wu -alpha 0.2 -beta 1.0
You are using pip version 9.0.1, however version 10.0.0 is available.
You should consider upgrading via the 'pip install --upgrade pip' command.
You are using pip version 9.0.1, however version 10.0.0 is available.
You should consider upgrading via the 'pip install --upgrade pip' command.
/home/gongyifan/work/openNMT-10/onmt/modules/GlobalAttention.py:181: UserWarning: Implicit dimension choice for softmax has been deprecated. Change the call to include dim=X as an argument.
  align_vectors = self.sm(align.view(batch*targetL, sourceL))
/home/gongyifan/env/local/lib/python2.7/site-packages/torch/nn/modules/container.py:67: UserWarning: Implicit dimension choice for log_softmax has been deprecated. Change the call to include dim=X as an argument.
  input = module(input)
/home/gongyifan/env/local/lib/python2.7/site-packages/torch/tensor.py:309: UserWarning: other is not broadcastable to self, but they have the same number of elements.  Falling back to deprecated pointwise behavior.
  return self.add_(other)
Loading model parameters.
('average src size', 108, 725)
==================================================
15 beam_size
wu length_penalty
0.2 alpha
wu coverage_penalty
1.0 beta
==================================================
PRED AVG SCORE: -11.9381, PRED PPL: 152992.8708
GOLD AVG SCORE: -2.6950, GOLD PPL: 14.8053
python translate.py -model cover10_lcsts/_acc_*_e30.pt -batch_size 50 -src lcsts/725_source -tgt lcsts/725_target -output penalty/pre.e30_len_0.4_cov_0 -beam_size 15 -length_penalty wu -coverage_penalty wu -alpha 0.4 -beta 0
You are using pip version 9.0.1, however version 10.0.0 is available.
You should consider upgrading via the 'pip install --upgrade pip' command.
You are using pip version 9.0.1, however version 10.0.0 is available.
You should consider upgrading via the 'pip install --upgrade pip' command.
/home/gongyifan/work/openNMT-10/onmt/modules/GlobalAttention.py:181: UserWarning: Implicit dimension choice for softmax has been deprecated. Change the call to include dim=X as an argument.
  align_vectors = self.sm(align.view(batch*targetL, sourceL))
/home/gongyifan/env/local/lib/python2.7/site-packages/torch/nn/modules/container.py:67: UserWarning: Implicit dimension choice for log_softmax has been deprecated. Change the call to include dim=X as an argument.
  input = module(input)
/home/gongyifan/env/local/lib/python2.7/site-packages/torch/tensor.py:309: UserWarning: other is not broadcastable to self, but they have the same number of elements.  Falling back to deprecated pointwise behavior.
  return self.add_(other)
Loading model parameters.
('average src size', 108, 725)
==================================================
15 beam_size
wu length_penalty
0.4 alpha
wu coverage_penalty
0.0 beta
==================================================
PRED AVG SCORE: -0.3893, PRED PPL: 1.4759
GOLD AVG SCORE: -2.6950, GOLD PPL: 14.8053
python translate.py -model cover10_lcsts/_acc_*_e30.pt -batch_size 50 -src lcsts/725_source -tgt lcsts/725_target -output penalty/pre.e30_len_0.4_cov_0.2 -beam_size 15 -length_penalty wu -coverage_penalty wu -alpha 0.4 -beta 0.2
You are using pip version 9.0.1, however version 10.0.0 is available.
You should consider upgrading via the 'pip install --upgrade pip' command.
You are using pip version 9.0.1, however version 10.0.0 is available.
You should consider upgrading via the 'pip install --upgrade pip' command.
/home/gongyifan/work/openNMT-10/onmt/modules/GlobalAttention.py:181: UserWarning: Implicit dimension choice for softmax has been deprecated. Change the call to include dim=X as an argument.
  align_vectors = self.sm(align.view(batch*targetL, sourceL))
/home/gongyifan/env/local/lib/python2.7/site-packages/torch/nn/modules/container.py:67: UserWarning: Implicit dimension choice for log_softmax has been deprecated. Change the call to include dim=X as an argument.
  input = module(input)
/home/gongyifan/env/local/lib/python2.7/site-packages/torch/tensor.py:309: UserWarning: other is not broadcastable to self, but they have the same number of elements.  Falling back to deprecated pointwise behavior.
  return self.add_(other)
Loading model parameters.
('average src size', 108, 725)
==================================================
15 beam_size
wu length_penalty
0.4 alpha
wu coverage_penalty
0.2 beta
==================================================
PRED AVG SCORE: -2.7968, PRED PPL: 16.3926
GOLD AVG SCORE: -2.6950, GOLD PPL: 14.8053
python translate.py -model cover10_lcsts/_acc_*_e30.pt -batch_size 50 -src lcsts/725_source -tgt lcsts/725_target -output penalty/pre.e30_len_0.4_cov_0.4 -beam_size 15 -length_penalty wu -coverage_penalty wu -alpha 0.4 -beta 0.4
You are using pip version 9.0.1, however version 10.0.0 is available.
You should consider upgrading via the 'pip install --upgrade pip' command.
You are using pip version 9.0.1, however version 10.0.0 is available.
You should consider upgrading via the 'pip install --upgrade pip' command.
/home/gongyifan/work/openNMT-10/onmt/modules/GlobalAttention.py:181: UserWarning: Implicit dimension choice for softmax has been deprecated. Change the call to include dim=X as an argument.
  align_vectors = self.sm(align.view(batch*targetL, sourceL))
/home/gongyifan/env/local/lib/python2.7/site-packages/torch/nn/modules/container.py:67: UserWarning: Implicit dimension choice for log_softmax has been deprecated. Change the call to include dim=X as an argument.
  input = module(input)
/home/gongyifan/env/local/lib/python2.7/site-packages/torch/tensor.py:309: UserWarning: other is not broadcastable to self, but they have the same number of elements.  Falling back to deprecated pointwise behavior.
  return self.add_(other)
Loading model parameters.
('average src size', 108, 725)
==================================================
15 beam_size
wu length_penalty
0.4 alpha
wu coverage_penalty
0.4 beta
==================================================
PRED AVG SCORE: -4.9994, PRED PPL: 148.3299
GOLD AVG SCORE: -2.6950, GOLD PPL: 14.8053
python translate.py -model cover10_lcsts/_acc_*_e30.pt -batch_size 50 -src lcsts/725_source -tgt lcsts/725_target -output penalty/pre.e30_len_0.4_cov_0.6 -beam_size 15 -length_penalty wu -coverage_penalty wu -alpha 0.4 -beta 0.6
You are using pip version 9.0.1, however version 10.0.0 is available.
You should consider upgrading via the 'pip install --upgrade pip' command.
You are using pip version 9.0.1, however version 10.0.0 is available.
You should consider upgrading via the 'pip install --upgrade pip' command.
/home/gongyifan/work/openNMT-10/onmt/modules/GlobalAttention.py:181: UserWarning: Implicit dimension choice for softmax has been deprecated. Change the call to include dim=X as an argument.
  align_vectors = self.sm(align.view(batch*targetL, sourceL))
/home/gongyifan/env/local/lib/python2.7/site-packages/torch/nn/modules/container.py:67: UserWarning: Implicit dimension choice for log_softmax has been deprecated. Change the call to include dim=X as an argument.
  input = module(input)
/home/gongyifan/env/local/lib/python2.7/site-packages/torch/tensor.py:309: UserWarning: other is not broadcastable to self, but they have the same number of elements.  Falling back to deprecated pointwise behavior.
  return self.add_(other)
Loading model parameters.
('average src size', 108, 725)
==================================================
15 beam_size
wu length_penalty
0.4 alpha
wu coverage_penalty
0.6 beta
==================================================
PRED AVG SCORE: -7.2407, PRED PPL: 1395.0109
GOLD AVG SCORE: -2.6950, GOLD PPL: 14.8053
python translate.py -model cover10_lcsts/_acc_*_e30.pt -batch_size 50 -src lcsts/725_source -tgt lcsts/725_target -output penalty/pre.e30_len_0.4_cov_0.8 -beam_size 15 -length_penalty wu -coverage_penalty wu -alpha 0.4 -beta 0.8
You are using pip version 9.0.1, however version 10.0.0 is available.
You should consider upgrading via the 'pip install --upgrade pip' command.
You are using pip version 9.0.1, however version 10.0.0 is available.
You should consider upgrading via the 'pip install --upgrade pip' command.
/home/gongyifan/work/openNMT-10/onmt/modules/GlobalAttention.py:181: UserWarning: Implicit dimension choice for softmax has been deprecated. Change the call to include dim=X as an argument.
  align_vectors = self.sm(align.view(batch*targetL, sourceL))
/home/gongyifan/env/local/lib/python2.7/site-packages/torch/nn/modules/container.py:67: UserWarning: Implicit dimension choice for log_softmax has been deprecated. Change the call to include dim=X as an argument.
  input = module(input)
/home/gongyifan/env/local/lib/python2.7/site-packages/torch/tensor.py:309: UserWarning: other is not broadcastable to self, but they have the same number of elements.  Falling back to deprecated pointwise behavior.
  return self.add_(other)
Loading model parameters.
('average src size', 108, 725)
==================================================
15 beam_size
wu length_penalty
0.4 alpha
wu coverage_penalty
0.8 beta
==================================================
PRED AVG SCORE: -9.4872, PRED PPL: 13189.6617
GOLD AVG SCORE: -2.6950, GOLD PPL: 14.8053
python translate.py -model cover10_lcsts/_acc_*_e30.pt -batch_size 50 -src lcsts/725_source -tgt lcsts/725_target -output penalty/pre.e30_len_0.4_cov_1.0 -beam_size 15 -length_penalty wu -coverage_penalty wu -alpha 0.4 -beta 1.0
You are using pip version 9.0.1, however version 10.0.0 is available.
You should consider upgrading via the 'pip install --upgrade pip' command.
You are using pip version 9.0.1, however version 10.0.0 is available.
You should consider upgrading via the 'pip install --upgrade pip' command.
/home/gongyifan/work/openNMT-10/onmt/modules/GlobalAttention.py:181: UserWarning: Implicit dimension choice for softmax has been deprecated. Change the call to include dim=X as an argument.
  align_vectors = self.sm(align.view(batch*targetL, sourceL))
/home/gongyifan/env/local/lib/python2.7/site-packages/torch/nn/modules/container.py:67: UserWarning: Implicit dimension choice for log_softmax has been deprecated. Change the call to include dim=X as an argument.
  input = module(input)
/home/gongyifan/env/local/lib/python2.7/site-packages/torch/tensor.py:309: UserWarning: other is not broadcastable to self, but they have the same number of elements.  Falling back to deprecated pointwise behavior.
  return self.add_(other)
Loading model parameters.
('average src size', 108, 725)
==================================================
15 beam_size
wu length_penalty
0.4 alpha
wu coverage_penalty
1.0 beta
==================================================
PRED AVG SCORE: -11.7300, PRED PPL: 124243.1943
GOLD AVG SCORE: -2.6950, GOLD PPL: 14.8053
python translate.py -model cover10_lcsts/_acc_*_e30.pt -batch_size 50 -src lcsts/725_source -tgt lcsts/725_target -output penalty/pre.e30_len_0.6_cov_0 -beam_size 15 -length_penalty wu -coverage_penalty wu -alpha 0.6 -beta 0
You are using pip version 9.0.1, however version 10.0.0 is available.
You should consider upgrading via the 'pip install --upgrade pip' command.
You are using pip version 9.0.1, however version 10.0.0 is available.
You should consider upgrading via the 'pip install --upgrade pip' command.
/home/gongyifan/work/openNMT-10/onmt/modules/GlobalAttention.py:181: UserWarning: Implicit dimension choice for softmax has been deprecated. Change the call to include dim=X as an argument.
  align_vectors = self.sm(align.view(batch*targetL, sourceL))
/home/gongyifan/env/local/lib/python2.7/site-packages/torch/nn/modules/container.py:67: UserWarning: Implicit dimension choice for log_softmax has been deprecated. Change the call to include dim=X as an argument.
  input = module(input)
/home/gongyifan/env/local/lib/python2.7/site-packages/torch/tensor.py:309: UserWarning: other is not broadcastable to self, but they have the same number of elements.  Falling back to deprecated pointwise behavior.
  return self.add_(other)
Loading model parameters.
('average src size', 108, 725)
==================================================
15 beam_size
wu length_penalty
0.6 alpha
wu coverage_penalty
0.0 beta
==================================================
PRED AVG SCORE: -0.2948, PRED PPL: 1.3429
GOLD AVG SCORE: -2.6950, GOLD PPL: 14.8053
python translate.py -model cover10_lcsts/_acc_*_e30.pt -batch_size 50 -src lcsts/725_source -tgt lcsts/725_target -output penalty/pre.e30_len_0.6_cov_0.2 -beam_size 15 -length_penalty wu -coverage_penalty wu -alpha 0.6 -beta 0.2
You are using pip version 9.0.1, however version 10.0.0 is available.
You should consider upgrading via the 'pip install --upgrade pip' command.
You are using pip version 9.0.1, however version 10.0.0 is available.
You should consider upgrading via the 'pip install --upgrade pip' command.
/home/gongyifan/work/openNMT-10/onmt/modules/GlobalAttention.py:181: UserWarning: Implicit dimension choice for softmax has been deprecated. Change the call to include dim=X as an argument.
  align_vectors = self.sm(align.view(batch*targetL, sourceL))
/home/gongyifan/env/local/lib/python2.7/site-packages/torch/nn/modules/container.py:67: UserWarning: Implicit dimension choice for log_softmax has been deprecated. Change the call to include dim=X as an argument.
  input = module(input)
/home/gongyifan/env/local/lib/python2.7/site-packages/torch/tensor.py:309: UserWarning: other is not broadcastable to self, but they have the same number of elements.  Falling back to deprecated pointwise behavior.
  return self.add_(other)
Loading model parameters.
('average src size', 108, 725)
==================================================
15 beam_size
wu length_penalty
0.6 alpha
wu coverage_penalty
0.2 beta
==================================================
PRED AVG SCORE: -2.6098, PRED PPL: 13.5957
GOLD AVG SCORE: -2.6950, GOLD PPL: 14.8053
python translate.py -model cover10_lcsts/_acc_*_e30.pt -batch_size 50 -src lcsts/725_source -tgt lcsts/725_target -output penalty/pre.e30_len_0.6_cov_0.4 -beam_size 15 -length_penalty wu -coverage_penalty wu -alpha 0.6 -beta 0.4
You are using pip version 9.0.1, however version 10.0.0 is available.
You should consider upgrading via the 'pip install --upgrade pip' command.
You are using pip version 9.0.1, however version 10.0.0 is available.
You should consider upgrading via the 'pip install --upgrade pip' command.
/home/gongyifan/work/openNMT-10/onmt/modules/GlobalAttention.py:181: UserWarning: Implicit dimension choice for softmax has been deprecated. Change the call to include dim=X as an argument.
  align_vectors = self.sm(align.view(batch*targetL, sourceL))
/home/gongyifan/env/local/lib/python2.7/site-packages/torch/nn/modules/container.py:67: UserWarning: Implicit dimension choice for log_softmax has been deprecated. Change the call to include dim=X as an argument.
  input = module(input)
/home/gongyifan/env/local/lib/python2.7/site-packages/torch/tensor.py:309: UserWarning: other is not broadcastable to self, but they have the same number of elements.  Falling back to deprecated pointwise behavior.
  return self.add_(other)
Loading model parameters.
('average src size', 108, 725)
==================================================
15 beam_size
wu length_penalty
0.6 alpha
wu coverage_penalty
0.4 beta
==================================================
PRED AVG SCORE: -4.8490, PRED PPL: 127.6089
GOLD AVG SCORE: -2.6950, GOLD PPL: 14.8053
python translate.py -model cover10_lcsts/_acc_*_e30.pt -batch_size 50 -src lcsts/725_source -tgt lcsts/725_target -output penalty/pre.e30_len_0.6_cov_0.6 -beam_size 15 -length_penalty wu -coverage_penalty wu -alpha 0.6 -beta 0.6
You are using pip version 9.0.1, however version 10.0.0 is available.
You should consider upgrading via the 'pip install --upgrade pip' command.
You are using pip version 9.0.1, however version 10.0.0 is available.
You should consider upgrading via the 'pip install --upgrade pip' command.
/home/gongyifan/work/openNMT-10/onmt/modules/GlobalAttention.py:181: UserWarning: Implicit dimension choice for softmax has been deprecated. Change the call to include dim=X as an argument.
  align_vectors = self.sm(align.view(batch*targetL, sourceL))
/home/gongyifan/env/local/lib/python2.7/site-packages/torch/nn/modules/container.py:67: UserWarning: Implicit dimension choice for log_softmax has been deprecated. Change the call to include dim=X as an argument.
  input = module(input)
/home/gongyifan/env/local/lib/python2.7/site-packages/torch/tensor.py:309: UserWarning: other is not broadcastable to self, but they have the same number of elements.  Falling back to deprecated pointwise behavior.
  return self.add_(other)
Loading model parameters.
('average src size', 108, 725)
==================================================
15 beam_size
wu length_penalty
0.6 alpha
wu coverage_penalty
0.6 beta
==================================================
PRED AVG SCORE: -7.0941, PRED PPL: 1204.8135
GOLD AVG SCORE: -2.6950, GOLD PPL: 14.8053
python translate.py -model cover10_lcsts/_acc_*_e30.pt -batch_size 50 -src lcsts/725_source -tgt lcsts/725_target -output penalty/pre.e30_len_0.6_cov_0.8 -beam_size 15 -length_penalty wu -coverage_penalty wu -alpha 0.6 -beta 0.8
You are using pip version 9.0.1, however version 10.0.0 is available.
You should consider upgrading via the 'pip install --upgrade pip' command.
You are using pip version 9.0.1, however version 10.0.0 is available.
You should consider upgrading via the 'pip install --upgrade pip' command.
/home/gongyifan/work/openNMT-10/onmt/modules/GlobalAttention.py:181: UserWarning: Implicit dimension choice for softmax has been deprecated. Change the call to include dim=X as an argument.
  align_vectors = self.sm(align.view(batch*targetL, sourceL))
/home/gongyifan/env/local/lib/python2.7/site-packages/torch/nn/modules/container.py:67: UserWarning: Implicit dimension choice for log_softmax has been deprecated. Change the call to include dim=X as an argument.
  input = module(input)
/home/gongyifan/env/local/lib/python2.7/site-packages/torch/tensor.py:309: UserWarning: other is not broadcastable to self, but they have the same number of elements.  Falling back to deprecated pointwise behavior.
  return self.add_(other)
Loading model parameters.
('average src size', 108, 725)
==================================================
15 beam_size
wu length_penalty
0.6 alpha
wu coverage_penalty
0.8 beta
==================================================
PRED AVG SCORE: -9.3343, PRED PPL: 11319.2738
GOLD AVG SCORE: -2.6950, GOLD PPL: 14.8053
python translate.py -model cover10_lcsts/_acc_*_e30.pt -batch_size 50 -src lcsts/725_source -tgt lcsts/725_target -output penalty/pre.e30_len_0.6_cov_1.0 -beam_size 15 -length_penalty wu -coverage_penalty wu -alpha 0.6 -beta 1.0
You are using pip version 9.0.1, however version 10.0.0 is available.
You should consider upgrading via the 'pip install --upgrade pip' command.
You are using pip version 9.0.1, however version 10.0.0 is available.
You should consider upgrading via the 'pip install --upgrade pip' command.
/home/gongyifan/work/openNMT-10/onmt/modules/GlobalAttention.py:181: UserWarning: Implicit dimension choice for softmax has been deprecated. Change the call to include dim=X as an argument.
  align_vectors = self.sm(align.view(batch*targetL, sourceL))
/home/gongyifan/env/local/lib/python2.7/site-packages/torch/nn/modules/container.py:67: UserWarning: Implicit dimension choice for log_softmax has been deprecated. Change the call to include dim=X as an argument.
  input = module(input)
/home/gongyifan/env/local/lib/python2.7/site-packages/torch/tensor.py:309: UserWarning: other is not broadcastable to self, but they have the same number of elements.  Falling back to deprecated pointwise behavior.
  return self.add_(other)
Loading model parameters.
('average src size', 108, 725)
==================================================
15 beam_size
wu length_penalty
0.6 alpha
wu coverage_penalty
1.0 beta
==================================================
PRED AVG SCORE: -11.5809, PRED PPL: 107028.4745
GOLD AVG SCORE: -2.6950, GOLD PPL: 14.8053
python translate.py -model cover10_lcsts/_acc_*_e30.pt -batch_size 50 -src lcsts/725_source -tgt lcsts/725_target -output penalty/pre.e30_len_0.8_cov_0 -beam_size 15 -length_penalty wu -coverage_penalty wu -alpha 0.8 -beta 0
You are using pip version 9.0.1, however version 10.0.0 is available.
You should consider upgrading via the 'pip install --upgrade pip' command.
You are using pip version 9.0.1, however version 10.0.0 is available.
You should consider upgrading via the 'pip install --upgrade pip' command.
/home/gongyifan/work/openNMT-10/onmt/modules/GlobalAttention.py:181: UserWarning: Implicit dimension choice for softmax has been deprecated. Change the call to include dim=X as an argument.
  align_vectors = self.sm(align.view(batch*targetL, sourceL))
/home/gongyifan/env/local/lib/python2.7/site-packages/torch/nn/modules/container.py:67: UserWarning: Implicit dimension choice for log_softmax has been deprecated. Change the call to include dim=X as an argument.
  input = module(input)
/home/gongyifan/env/local/lib/python2.7/site-packages/torch/tensor.py:309: UserWarning: other is not broadcastable to self, but they have the same number of elements.  Falling back to deprecated pointwise behavior.
  return self.add_(other)
Loading model parameters.
('average src size', 108, 725)
==================================================
15 beam_size
wu length_penalty
0.8 alpha
wu coverage_penalty
0.0 beta
==================================================
PRED AVG SCORE: -0.2211, PRED PPL: 1.2474
GOLD AVG SCORE: -2.6950, GOLD PPL: 14.8053
python translate.py -model cover10_lcsts/_acc_*_e30.pt -batch_size 50 -src lcsts/725_source -tgt lcsts/725_target -output penalty/pre.e30_len_0.8_cov_0.2 -beam_size 15 -length_penalty wu -coverage_penalty wu -alpha 0.8 -beta 0.2
You are using pip version 9.0.1, however version 10.0.0 is available.
You should consider upgrading via the 'pip install --upgrade pip' command.
You are using pip version 9.0.1, however version 10.0.0 is available.
You should consider upgrading via the 'pip install --upgrade pip' command.
/home/gongyifan/work/openNMT-10/onmt/modules/GlobalAttention.py:181: UserWarning: Implicit dimension choice for softmax has been deprecated. Change the call to include dim=X as an argument.
  align_vectors = self.sm(align.view(batch*targetL, sourceL))
/home/gongyifan/env/local/lib/python2.7/site-packages/torch/nn/modules/container.py:67: UserWarning: Implicit dimension choice for log_softmax has been deprecated. Change the call to include dim=X as an argument.
  input = module(input)
/home/gongyifan/env/local/lib/python2.7/site-packages/torch/tensor.py:309: UserWarning: other is not broadcastable to self, but they have the same number of elements.  Falling back to deprecated pointwise behavior.
  return self.add_(other)
Loading model parameters.
('average src size', 108, 725)
==================================================
15 beam_size
wu length_penalty
0.8 alpha
wu coverage_penalty
0.2 beta
==================================================
PRED AVG SCORE: -2.5004, PRED PPL: 12.1877
GOLD AVG SCORE: -2.6950, GOLD PPL: 14.8053
python translate.py -model cover10_lcsts/_acc_*_e30.pt -batch_size 50 -src lcsts/725_source -tgt lcsts/725_target -output penalty/pre.e30_len_0.8_cov_0.4 -beam_size 15 -length_penalty wu -coverage_penalty wu -alpha 0.8 -beta 0.4
You are using pip version 9.0.1, however version 10.0.0 is available.
You should consider upgrading via the 'pip install --upgrade pip' command.
You are using pip version 9.0.1, however version 10.0.0 is available.
You should consider upgrading via the 'pip install --upgrade pip' command.
/home/gongyifan/work/openNMT-10/onmt/modules/GlobalAttention.py:181: UserWarning: Implicit dimension choice for softmax has been deprecated. Change the call to include dim=X as an argument.
  align_vectors = self.sm(align.view(batch*targetL, sourceL))
/home/gongyifan/env/local/lib/python2.7/site-packages/torch/nn/modules/container.py:67: UserWarning: Implicit dimension choice for log_softmax has been deprecated. Change the call to include dim=X as an argument.
  input = module(input)
/home/gongyifan/env/local/lib/python2.7/site-packages/torch/tensor.py:309: UserWarning: other is not broadcastable to self, but they have the same number of elements.  Falling back to deprecated pointwise behavior.
  return self.add_(other)
Loading model parameters.
('average src size', 108, 725)
==================================================
15 beam_size
wu length_penalty
0.8 alpha
wu coverage_penalty
0.4 beta
==================================================
PRED AVG SCORE: -4.7452, PRED PPL: 115.0304
GOLD AVG SCORE: -2.6950, GOLD PPL: 14.8053
python translate.py -model cover10_lcsts/_acc_*_e30.pt -batch_size 50 -src lcsts/725_source -tgt lcsts/725_target -output penalty/pre.e30_len_0.8_cov_0.6 -beam_size 15 -length_penalty wu -coverage_penalty wu -alpha 0.8 -beta 0.6
You are using pip version 9.0.1, however version 10.0.0 is available.
You should consider upgrading via the 'pip install --upgrade pip' command.
You are using pip version 9.0.1, however version 10.0.0 is available.
You should consider upgrading via the 'pip install --upgrade pip' command.
/home/gongyifan/work/openNMT-10/onmt/modules/GlobalAttention.py:181: UserWarning: Implicit dimension choice for softmax has been deprecated. Change the call to include dim=X as an argument.
  align_vectors = self.sm(align.view(batch*targetL, sourceL))
/home/gongyifan/env/local/lib/python2.7/site-packages/torch/nn/modules/container.py:67: UserWarning: Implicit dimension choice for log_softmax has been deprecated. Change the call to include dim=X as an argument.
  input = module(input)
/home/gongyifan/env/local/lib/python2.7/site-packages/torch/tensor.py:309: UserWarning: other is not broadcastable to self, but they have the same number of elements.  Falling back to deprecated pointwise behavior.
  return self.add_(other)
Loading model parameters.
('average src size', 108, 725)
==================================================
15 beam_size
wu length_penalty
0.8 alpha
wu coverage_penalty
0.6 beta
==================================================
PRED AVG SCORE: -6.9874, PRED PPL: 1082.8584
GOLD AVG SCORE: -2.6950, GOLD PPL: 14.8053
python translate.py -model cover10_lcsts/_acc_*_e30.pt -batch_size 50 -src lcsts/725_source -tgt lcsts/725_target -output penalty/pre.e30_len_0.8_cov_0.8 -beam_size 15 -length_penalty wu -coverage_penalty wu -alpha 0.8 -beta 0.8
You are using pip version 9.0.1, however version 10.0.0 is available.
You should consider upgrading via the 'pip install --upgrade pip' command.
You are using pip version 9.0.1, however version 10.0.0 is available.
You should consider upgrading via the 'pip install --upgrade pip' command.
/home/gongyifan/work/openNMT-10/onmt/modules/GlobalAttention.py:181: UserWarning: Implicit dimension choice for softmax has been deprecated. Change the call to include dim=X as an argument.
  align_vectors = self.sm(align.view(batch*targetL, sourceL))
/home/gongyifan/env/local/lib/python2.7/site-packages/torch/nn/modules/container.py:67: UserWarning: Implicit dimension choice for log_softmax has been deprecated. Change the call to include dim=X as an argument.
  input = module(input)
/home/gongyifan/env/local/lib/python2.7/site-packages/torch/tensor.py:309: UserWarning: other is not broadcastable to self, but they have the same number of elements.  Falling back to deprecated pointwise behavior.
  return self.add_(other)
Loading model parameters.
('average src size', 108, 725)
==================================================
15 beam_size
wu length_penalty
0.8 alpha
wu coverage_penalty
0.8 beta
==================================================
PRED AVG SCORE: -9.2334, PRED PPL: 10233.1412
GOLD AVG SCORE: -2.6950, GOLD PPL: 14.8053
python translate.py -model cover10_lcsts/_acc_*_e30.pt -batch_size 50 -src lcsts/725_source -tgt lcsts/725_target -output penalty/pre.e30_len_0.8_cov_1.0 -beam_size 15 -length_penalty wu -coverage_penalty wu -alpha 0.8 -beta 1.0
You are using pip version 9.0.1, however version 10.0.0 is available.
You should consider upgrading via the 'pip install --upgrade pip' command.
You are using pip version 9.0.1, however version 10.0.0 is available.
You should consider upgrading via the 'pip install --upgrade pip' command.
/home/gongyifan/work/openNMT-10/onmt/modules/GlobalAttention.py:181: UserWarning: Implicit dimension choice for softmax has been deprecated. Change the call to include dim=X as an argument.
  align_vectors = self.sm(align.view(batch*targetL, sourceL))
/home/gongyifan/env/local/lib/python2.7/site-packages/torch/nn/modules/container.py:67: UserWarning: Implicit dimension choice for log_softmax has been deprecated. Change the call to include dim=X as an argument.
  input = module(input)
/home/gongyifan/env/local/lib/python2.7/site-packages/torch/tensor.py:309: UserWarning: other is not broadcastable to self, but they have the same number of elements.  Falling back to deprecated pointwise behavior.
  return self.add_(other)
Loading model parameters.
('average src size', 108, 725)
==================================================
15 beam_size
wu length_penalty
0.8 alpha
wu coverage_penalty
1.0 beta
==================================================
PRED AVG SCORE: -11.4797, PRED PPL: 96729.7108
GOLD AVG SCORE: -2.6950, GOLD PPL: 14.8053
python translate.py -model cover10_lcsts/_acc_*_e30.pt -batch_size 50 -src lcsts/725_source -tgt lcsts/725_target -output penalty/pre.e30_len_1.0_cov_0 -beam_size 15 -length_penalty wu -coverage_penalty wu -alpha 1.0 -beta 0
You are using pip version 9.0.1, however version 10.0.0 is available.
You should consider upgrading via the 'pip install --upgrade pip' command.
You are using pip version 9.0.1, however version 10.0.0 is available.
You should consider upgrading via the 'pip install --upgrade pip' command.
/home/gongyifan/work/openNMT-10/onmt/modules/GlobalAttention.py:181: UserWarning: Implicit dimension choice for softmax has been deprecated. Change the call to include dim=X as an argument.
  align_vectors = self.sm(align.view(batch*targetL, sourceL))
/home/gongyifan/env/local/lib/python2.7/site-packages/torch/nn/modules/container.py:67: UserWarning: Implicit dimension choice for log_softmax has been deprecated. Change the call to include dim=X as an argument.
  input = module(input)
/home/gongyifan/env/local/lib/python2.7/site-packages/torch/tensor.py:309: UserWarning: other is not broadcastable to self, but they have the same number of elements.  Falling back to deprecated pointwise behavior.
  return self.add_(other)
Loading model parameters.
('average src size', 108, 725)
==================================================
15 beam_size
wu length_penalty
1.0 alpha
wu coverage_penalty
0.0 beta
==================================================
PRED AVG SCORE: -0.1636, PRED PPL: 1.1777
GOLD AVG SCORE: -2.6950, GOLD PPL: 14.8053
python translate.py -model cover10_lcsts/_acc_*_e30.pt -batch_size 50 -src lcsts/725_source -tgt lcsts/725_target -output penalty/pre.e30_len_1.0_cov_0.2 -beam_size 15 -length_penalty wu -coverage_penalty wu -alpha 1.0 -beta 0.2
You are using pip version 9.0.1, however version 10.0.0 is available.
You should consider upgrading via the 'pip install --upgrade pip' command.
You are using pip version 9.0.1, however version 10.0.0 is available.
You should consider upgrading via the 'pip install --upgrade pip' command.
/home/gongyifan/work/openNMT-10/onmt/modules/GlobalAttention.py:181: UserWarning: Implicit dimension choice for softmax has been deprecated. Change the call to include dim=X as an argument.
  align_vectors = self.sm(align.view(batch*targetL, sourceL))
/home/gongyifan/env/local/lib/python2.7/site-packages/torch/nn/modules/container.py:67: UserWarning: Implicit dimension choice for log_softmax has been deprecated. Change the call to include dim=X as an argument.
  input = module(input)
/home/gongyifan/env/local/lib/python2.7/site-packages/torch/tensor.py:309: UserWarning: other is not broadcastable to self, but they have the same number of elements.  Falling back to deprecated pointwise behavior.
  return self.add_(other)
Loading model parameters.
('average src size', 108, 725)
==================================================
15 beam_size
wu length_penalty
1.0 alpha
wu coverage_penalty
0.2 beta
==================================================
PRED AVG SCORE: -2.4262, PRED PPL: 11.3157
GOLD AVG SCORE: -2.6950, GOLD PPL: 14.8053
python translate.py -model cover10_lcsts/_acc_*_e30.pt -batch_size 50 -src lcsts/725_source -tgt lcsts/725_target -output penalty/pre.e30_len_1.0_cov_0.4 -beam_size 15 -length_penalty wu -coverage_penalty wu -alpha 1.0 -beta 0.4
You are using pip version 9.0.1, however version 10.0.0 is available.
You should consider upgrading via the 'pip install --upgrade pip' command.
You are using pip version 9.0.1, however version 10.0.0 is available.
You should consider upgrading via the 'pip install --upgrade pip' command.
/home/gongyifan/work/openNMT-10/onmt/modules/GlobalAttention.py:181: UserWarning: Implicit dimension choice for softmax has been deprecated. Change the call to include dim=X as an argument.
  align_vectors = self.sm(align.view(batch*targetL, sourceL))
/home/gongyifan/env/local/lib/python2.7/site-packages/torch/nn/modules/container.py:67: UserWarning: Implicit dimension choice for log_softmax has been deprecated. Change the call to include dim=X as an argument.
  input = module(input)
/home/gongyifan/env/local/lib/python2.7/site-packages/torch/tensor.py:309: UserWarning: other is not broadcastable to self, but they have the same number of elements.  Falling back to deprecated pointwise behavior.
  return self.add_(other)
Loading model parameters.
('average src size', 108, 725)
==================================================
15 beam_size
wu length_penalty
1.0 alpha
wu coverage_penalty
0.4 beta
==================================================
PRED AVG SCORE: -4.6694, PRED PPL: 106.6362
GOLD AVG SCORE: -2.6950, GOLD PPL: 14.8053
python translate.py -model cover10_lcsts/_acc_*_e30.pt -batch_size 50 -src lcsts/725_source -tgt lcsts/725_target -output penalty/pre.e30_len_1.0_cov_0.6 -beam_size 15 -length_penalty wu -coverage_penalty wu -alpha 1.0 -beta 0.6
You are using pip version 9.0.1, however version 10.0.0 is available.
You should consider upgrading via the 'pip install --upgrade pip' command.
You are using pip version 9.0.1, however version 10.0.0 is available.
You should consider upgrading via the 'pip install --upgrade pip' command.
/home/gongyifan/work/openNMT-10/onmt/modules/GlobalAttention.py:181: UserWarning: Implicit dimension choice for softmax has been deprecated. Change the call to include dim=X as an argument.
  align_vectors = self.sm(align.view(batch*targetL, sourceL))
/home/gongyifan/env/local/lib/python2.7/site-packages/torch/nn/modules/container.py:67: UserWarning: Implicit dimension choice for log_softmax has been deprecated. Change the call to include dim=X as an argument.
  input = module(input)
/home/gongyifan/env/local/lib/python2.7/site-packages/torch/tensor.py:309: UserWarning: other is not broadcastable to self, but they have the same number of elements.  Falling back to deprecated pointwise behavior.
  return self.add_(other)
Loading model parameters.
('average src size', 108, 725)
==================================================
15 beam_size
wu length_penalty
1.0 alpha
wu coverage_penalty
0.6 beta
==================================================
PRED AVG SCORE: -6.9156, PRED PPL: 1007.8506
GOLD AVG SCORE: -2.6950, GOLD PPL: 14.8053
python translate.py -model cover10_lcsts/_acc_*_e30.pt -batch_size 50 -src lcsts/725_source -tgt lcsts/725_target -output penalty/pre.e30_len_1.0_cov_0.8 -beam_size 15 -length_penalty wu -coverage_penalty wu -alpha 1.0 -beta 0.8
You are using pip version 9.0.1, however version 10.0.0 is available.
You should consider upgrading via the 'pip install --upgrade pip' command.
You are using pip version 9.0.1, however version 10.0.0 is available.
You should consider upgrading via the 'pip install --upgrade pip' command.
/home/gongyifan/work/openNMT-10/onmt/modules/GlobalAttention.py:181: UserWarning: Implicit dimension choice for softmax has been deprecated. Change the call to include dim=X as an argument.
  align_vectors = self.sm(align.view(batch*targetL, sourceL))
/home/gongyifan/env/local/lib/python2.7/site-packages/torch/nn/modules/container.py:67: UserWarning: Implicit dimension choice for log_softmax has been deprecated. Change the call to include dim=X as an argument.
  input = module(input)
/home/gongyifan/env/local/lib/python2.7/site-packages/torch/tensor.py:309: UserWarning: other is not broadcastable to self, but they have the same number of elements.  Falling back to deprecated pointwise behavior.
  return self.add_(other)
Loading model parameters.
('average src size', 108, 725)
==================================================
15 beam_size
wu length_penalty
1.0 alpha
wu coverage_penalty
0.8 beta
==================================================
PRED AVG SCORE: -9.1618, PRED PPL: 9526.2618
GOLD AVG SCORE: -2.6950, GOLD PPL: 14.8053
python translate.py -model cover10_lcsts/_acc_*_e30.pt -batch_size 50 -src lcsts/725_source -tgt lcsts/725_target -output penalty/pre.e30_len_1.0_cov_1.0 -beam_size 15 -length_penalty wu -coverage_penalty wu -alpha 1.0 -beta 1.0
You are using pip version 9.0.1, however version 10.0.0 is available.
You should consider upgrading via the 'pip install --upgrade pip' command.
You are using pip version 9.0.1, however version 10.0.0 is available.
You should consider upgrading via the 'pip install --upgrade pip' command.
/home/gongyifan/work/openNMT-10/onmt/modules/GlobalAttention.py:181: UserWarning: Implicit dimension choice for softmax has been deprecated. Change the call to include dim=X as an argument.
  align_vectors = self.sm(align.view(batch*targetL, sourceL))
/home/gongyifan/env/local/lib/python2.7/site-packages/torch/nn/modules/container.py:67: UserWarning: Implicit dimension choice for log_softmax has been deprecated. Change the call to include dim=X as an argument.
  input = module(input)
/home/gongyifan/env/local/lib/python2.7/site-packages/torch/tensor.py:309: UserWarning: other is not broadcastable to self, but they have the same number of elements.  Falling back to deprecated pointwise behavior.
  return self.add_(other)
Loading model parameters.
('average src size', 108, 725)
==================================================
15 beam_size
wu length_penalty
1.0 alpha
wu coverage_penalty
1.0 beta
==================================================
PRED AVG SCORE: -11.4073, PRED PPL: 89979.0924
GOLD AVG SCORE: -2.6950, GOLD PPL: 14.8053
