python translate.py -model cover5_lcsts/_acc_*_e30.pt -batch_size 50 -src lcsts/725_source -tgt lcsts/725_target -output penalty/pre.e30_len_0_cov_0 -beam_size 15 -length_penalty wu -coverage_penalty wu -alpha 0 -beta 0
You are using pip version 9.0.1, however version 10.0.0 is available.
You should consider upgrading via the 'pip install --upgrade pip' command.
You are using pip version 9.0.1, however version 10.0.0 is available.
You should consider upgrading via the 'pip install --upgrade pip' command.
/home/gongyifan/work/openNMT-5/onmt/modules/GlobalAttention.py:181: UserWarning: Implicit dimension choice for softmax has been deprecated. Change the call to include dim=X as an argument.
  align_vectors = self.sm(align.view(batch*targetL, sourceL))
/home/gongyifan/env/local/lib/python2.7/site-packages/torch/nn/modules/container.py:67: UserWarning: Implicit dimension choice for log_softmax has been deprecated. Change the call to include dim=X as an argument.
  input = module(input)
/home/gongyifan/env/local/lib/python2.7/site-packages/torch/tensor.py:309: UserWarning: other is not broadcastable to self, but they have the same number of elements.  Falling back to deprecated pointwise behavior.
  return self.add_(other)
Loading model parameters.
('average src size', 108, 725)
==================================================
15 beam_size
wu length_penalty
0.0 alpha
wu coverage_penalty
0.0 beta
==================================================
PRED AVG SCORE: -0.6197, PRED PPL: 1.8584
GOLD AVG SCORE: -2.6442, GOLD PPL: 14.0722
python translate.py -model cover5_lcsts/_acc_*_e30.pt -batch_size 50 -src lcsts/725_source -tgt lcsts/725_target -output penalty/pre.e30_len_0_cov_0.2 -beam_size 15 -length_penalty wu -coverage_penalty wu -alpha 0 -beta 0.2
You are using pip version 9.0.1, however version 10.0.0 is available.
You should consider upgrading via the 'pip install --upgrade pip' command.
You are using pip version 9.0.1, however version 10.0.0 is available.
You should consider upgrading via the 'pip install --upgrade pip' command.
/home/gongyifan/work/openNMT-5/onmt/modules/GlobalAttention.py:181: UserWarning: Implicit dimension choice for softmax has been deprecated. Change the call to include dim=X as an argument.
  align_vectors = self.sm(align.view(batch*targetL, sourceL))
/home/gongyifan/env/local/lib/python2.7/site-packages/torch/nn/modules/container.py:67: UserWarning: Implicit dimension choice for log_softmax has been deprecated. Change the call to include dim=X as an argument.
  input = module(input)
/home/gongyifan/env/local/lib/python2.7/site-packages/torch/tensor.py:309: UserWarning: other is not broadcastable to self, but they have the same number of elements.  Falling back to deprecated pointwise behavior.
  return self.add_(other)
Loading model parameters.
('average src size', 108, 725)
==================================================
15 beam_size
wu length_penalty
0.0 alpha
wu coverage_penalty
0.2 beta
==================================================
PRED AVG SCORE: -3.4814, PRED PPL: 32.5039
GOLD AVG SCORE: -2.6442, GOLD PPL: 14.0722
python translate.py -model cover5_lcsts/_acc_*_e30.pt -batch_size 50 -src lcsts/725_source -tgt lcsts/725_target -output penalty/pre.e30_len_0_cov_0.4 -beam_size 15 -length_penalty wu -coverage_penalty wu -alpha 0 -beta 0.4
You are using pip version 9.0.1, however version 10.0.0 is available.
You should consider upgrading via the 'pip install --upgrade pip' command.
You are using pip version 9.0.1, however version 10.0.0 is available.
You should consider upgrading via the 'pip install --upgrade pip' command.
/home/gongyifan/work/openNMT-5/onmt/modules/GlobalAttention.py:181: UserWarning: Implicit dimension choice for softmax has been deprecated. Change the call to include dim=X as an argument.
  align_vectors = self.sm(align.view(batch*targetL, sourceL))
/home/gongyifan/env/local/lib/python2.7/site-packages/torch/nn/modules/container.py:67: UserWarning: Implicit dimension choice for log_softmax has been deprecated. Change the call to include dim=X as an argument.
  input = module(input)
/home/gongyifan/env/local/lib/python2.7/site-packages/torch/tensor.py:309: UserWarning: other is not broadcastable to self, but they have the same number of elements.  Falling back to deprecated pointwise behavior.
  return self.add_(other)
Loading model parameters.
('average src size', 108, 725)
==================================================
15 beam_size
wu length_penalty
0.0 alpha
wu coverage_penalty
0.4 beta
==================================================
PRED AVG SCORE: -5.7118, PRED PPL: 302.4219
GOLD AVG SCORE: -2.6442, GOLD PPL: 14.0722
python translate.py -model cover5_lcsts/_acc_*_e30.pt -batch_size 50 -src lcsts/725_source -tgt lcsts/725_target -output penalty/pre.e30_len_0_cov_0.6 -beam_size 15 -length_penalty wu -coverage_penalty wu -alpha 0 -beta 0.6
You are using pip version 9.0.1, however version 10.0.0 is available.
You should consider upgrading via the 'pip install --upgrade pip' command.
You are using pip version 9.0.1, however version 10.0.0 is available.
You should consider upgrading via the 'pip install --upgrade pip' command.
/home/gongyifan/work/openNMT-5/onmt/modules/GlobalAttention.py:181: UserWarning: Implicit dimension choice for softmax has been deprecated. Change the call to include dim=X as an argument.
  align_vectors = self.sm(align.view(batch*targetL, sourceL))
/home/gongyifan/env/local/lib/python2.7/site-packages/torch/nn/modules/container.py:67: UserWarning: Implicit dimension choice for log_softmax has been deprecated. Change the call to include dim=X as an argument.
  input = module(input)
/home/gongyifan/env/local/lib/python2.7/site-packages/torch/tensor.py:309: UserWarning: other is not broadcastable to self, but they have the same number of elements.  Falling back to deprecated pointwise behavior.
  return self.add_(other)
Loading model parameters.
('average src size', 108, 725)
==================================================
15 beam_size
wu length_penalty
0.0 alpha
wu coverage_penalty
0.6 beta
==================================================
PRED AVG SCORE: -7.9778, PRED PPL: 2915.4526
GOLD AVG SCORE: -2.6442, GOLD PPL: 14.0722
python translate.py -model cover5_lcsts/_acc_*_e30.pt -batch_size 50 -src lcsts/725_source -tgt lcsts/725_target -output penalty/pre.e30_len_0_cov_0.8 -beam_size 15 -length_penalty wu -coverage_penalty wu -alpha 0 -beta 0.8
You are using pip version 9.0.1, however version 10.0.0 is available.
You should consider upgrading via the 'pip install --upgrade pip' command.
You are using pip version 9.0.1, however version 10.0.0 is available.
You should consider upgrading via the 'pip install --upgrade pip' command.
/home/gongyifan/work/openNMT-5/onmt/modules/GlobalAttention.py:181: UserWarning: Implicit dimension choice for softmax has been deprecated. Change the call to include dim=X as an argument.
  align_vectors = self.sm(align.view(batch*targetL, sourceL))
/home/gongyifan/env/local/lib/python2.7/site-packages/torch/nn/modules/container.py:67: UserWarning: Implicit dimension choice for log_softmax has been deprecated. Change the call to include dim=X as an argument.
  input = module(input)
/home/gongyifan/env/local/lib/python2.7/site-packages/torch/tensor.py:309: UserWarning: other is not broadcastable to self, but they have the same number of elements.  Falling back to deprecated pointwise behavior.
  return self.add_(other)
Loading model parameters.
('average src size', 108, 725)
==================================================
15 beam_size
wu length_penalty
0.0 alpha
wu coverage_penalty
0.8 beta
==================================================
PRED AVG SCORE: -10.2493, PRED PPL: 28262.8221
GOLD AVG SCORE: -2.6442, GOLD PPL: 14.0722
python translate.py -model cover5_lcsts/_acc_*_e30.pt -batch_size 50 -src lcsts/725_source -tgt lcsts/725_target -output penalty/pre.e30_len_0_cov_1.0 -beam_size 15 -length_penalty wu -coverage_penalty wu -alpha 0 -beta 1.0
You are using pip version 9.0.1, however version 10.0.0 is available.
You should consider upgrading via the 'pip install --upgrade pip' command.
You are using pip version 9.0.1, however version 10.0.0 is available.
You should consider upgrading via the 'pip install --upgrade pip' command.
/home/gongyifan/work/openNMT-5/onmt/modules/GlobalAttention.py:181: UserWarning: Implicit dimension choice for softmax has been deprecated. Change the call to include dim=X as an argument.
  align_vectors = self.sm(align.view(batch*targetL, sourceL))
/home/gongyifan/env/local/lib/python2.7/site-packages/torch/nn/modules/container.py:67: UserWarning: Implicit dimension choice for log_softmax has been deprecated. Change the call to include dim=X as an argument.
  input = module(input)
/home/gongyifan/env/local/lib/python2.7/site-packages/torch/tensor.py:309: UserWarning: other is not broadcastable to self, but they have the same number of elements.  Falling back to deprecated pointwise behavior.
  return self.add_(other)
Loading model parameters.
('average src size', 108, 725)
==================================================
15 beam_size
wu length_penalty
0.0 alpha
wu coverage_penalty
1.0 beta
==================================================
PRED AVG SCORE: -12.5313, PRED PPL: 276876.3212
GOLD AVG SCORE: -2.6442, GOLD PPL: 14.0722
python translate.py -model cover5_lcsts/_acc_*_e30.pt -batch_size 50 -src lcsts/725_source -tgt lcsts/725_target -output penalty/pre.e30_len_0.2_cov_0 -beam_size 15 -length_penalty wu -coverage_penalty wu -alpha 0.2 -beta 0
You are using pip version 9.0.1, however version 10.0.0 is available.
You should consider upgrading via the 'pip install --upgrade pip' command.
You are using pip version 9.0.1, however version 10.0.0 is available.
You should consider upgrading via the 'pip install --upgrade pip' command.
/home/gongyifan/work/openNMT-5/onmt/modules/GlobalAttention.py:181: UserWarning: Implicit dimension choice for softmax has been deprecated. Change the call to include dim=X as an argument.
  align_vectors = self.sm(align.view(batch*targetL, sourceL))
/home/gongyifan/env/local/lib/python2.7/site-packages/torch/nn/modules/container.py:67: UserWarning: Implicit dimension choice for log_softmax has been deprecated. Change the call to include dim=X as an argument.
  input = module(input)
/home/gongyifan/env/local/lib/python2.7/site-packages/torch/tensor.py:309: UserWarning: other is not broadcastable to self, but they have the same number of elements.  Falling back to deprecated pointwise behavior.
  return self.add_(other)
Loading model parameters.
('average src size', 108, 725)
==================================================
15 beam_size
wu length_penalty
0.2 alpha
wu coverage_penalty
0.0 beta
==================================================
PRED AVG SCORE: -0.4767, PRED PPL: 1.6107
GOLD AVG SCORE: -2.6442, GOLD PPL: 14.0722
python translate.py -model cover5_lcsts/_acc_*_e30.pt -batch_size 50 -src lcsts/725_source -tgt lcsts/725_target -output penalty/pre.e30_len_0.2_cov_0.2 -beam_size 15 -length_penalty wu -coverage_penalty wu -alpha 0.2 -beta 0.2
You are using pip version 9.0.1, however version 10.0.0 is available.
You should consider upgrading via the 'pip install --upgrade pip' command.
You are using pip version 9.0.1, however version 10.0.0 is available.
You should consider upgrading via the 'pip install --upgrade pip' command.
/home/gongyifan/work/openNMT-5/onmt/modules/GlobalAttention.py:181: UserWarning: Implicit dimension choice for softmax has been deprecated. Change the call to include dim=X as an argument.
  align_vectors = self.sm(align.view(batch*targetL, sourceL))
/home/gongyifan/env/local/lib/python2.7/site-packages/torch/nn/modules/container.py:67: UserWarning: Implicit dimension choice for log_softmax has been deprecated. Change the call to include dim=X as an argument.
  input = module(input)
/home/gongyifan/env/local/lib/python2.7/site-packages/torch/tensor.py:309: UserWarning: other is not broadcastable to self, but they have the same number of elements.  Falling back to deprecated pointwise behavior.
  return self.add_(other)
Loading model parameters.
('average src size', 108, 725)
==================================================
15 beam_size
wu length_penalty
0.2 alpha
wu coverage_penalty
0.2 beta
==================================================
PRED AVG SCORE: -3.1019, PRED PPL: 22.2402
GOLD AVG SCORE: -2.6442, GOLD PPL: 14.0722
python translate.py -model cover5_lcsts/_acc_*_e30.pt -batch_size 50 -src lcsts/725_source -tgt lcsts/725_target -output penalty/pre.e30_len_0.2_cov_0.4 -beam_size 15 -length_penalty wu -coverage_penalty wu -alpha 0.2 -beta 0.4
You are using pip version 9.0.1, however version 10.0.0 is available.
You should consider upgrading via the 'pip install --upgrade pip' command.
You are using pip version 9.0.1, however version 10.0.0 is available.
You should consider upgrading via the 'pip install --upgrade pip' command.
/home/gongyifan/work/openNMT-5/onmt/modules/GlobalAttention.py:181: UserWarning: Implicit dimension choice for softmax has been deprecated. Change the call to include dim=X as an argument.
  align_vectors = self.sm(align.view(batch*targetL, sourceL))
/home/gongyifan/env/local/lib/python2.7/site-packages/torch/nn/modules/container.py:67: UserWarning: Implicit dimension choice for log_softmax has been deprecated. Change the call to include dim=X as an argument.
  input = module(input)
/home/gongyifan/env/local/lib/python2.7/site-packages/torch/tensor.py:309: UserWarning: other is not broadcastable to self, but they have the same number of elements.  Falling back to deprecated pointwise behavior.
  return self.add_(other)
Loading model parameters.
('average src size', 108, 725)
==================================================
15 beam_size
wu length_penalty
0.2 alpha
wu coverage_penalty
0.4 beta
==================================================
PRED AVG SCORE: -5.3606, PRED PPL: 212.8597
GOLD AVG SCORE: -2.6442, GOLD PPL: 14.0722
python translate.py -model cover5_lcsts/_acc_*_e30.pt -batch_size 50 -src lcsts/725_source -tgt lcsts/725_target -output penalty/pre.e30_len_0.2_cov_0.6 -beam_size 15 -length_penalty wu -coverage_penalty wu -alpha 0.2 -beta 0.6
You are using pip version 9.0.1, however version 10.0.0 is available.
You should consider upgrading via the 'pip install --upgrade pip' command.
You are using pip version 9.0.1, however version 10.0.0 is available.
You should consider upgrading via the 'pip install --upgrade pip' command.
/home/gongyifan/work/openNMT-5/onmt/modules/GlobalAttention.py:181: UserWarning: Implicit dimension choice for softmax has been deprecated. Change the call to include dim=X as an argument.
  align_vectors = self.sm(align.view(batch*targetL, sourceL))
/home/gongyifan/env/local/lib/python2.7/site-packages/torch/nn/modules/container.py:67: UserWarning: Implicit dimension choice for log_softmax has been deprecated. Change the call to include dim=X as an argument.
  input = module(input)
/home/gongyifan/env/local/lib/python2.7/site-packages/torch/tensor.py:309: UserWarning: other is not broadcastable to self, but they have the same number of elements.  Falling back to deprecated pointwise behavior.
  return self.add_(other)
Loading model parameters.
('average src size', 108, 725)
==================================================
15 beam_size
wu length_penalty
0.2 alpha
wu coverage_penalty
0.6 beta
==================================================
PRED AVG SCORE: -7.6352, PRED PPL: 2069.8159
GOLD AVG SCORE: -2.6442, GOLD PPL: 14.0722
python translate.py -model cover5_lcsts/_acc_*_e30.pt -batch_size 50 -src lcsts/725_source -tgt lcsts/725_target -output penalty/pre.e30_len_0.2_cov_0.8 -beam_size 15 -length_penalty wu -coverage_penalty wu -alpha 0.2 -beta 0.8
You are using pip version 9.0.1, however version 10.0.0 is available.
You should consider upgrading via the 'pip install --upgrade pip' command.
You are using pip version 9.0.1, however version 10.0.0 is available.
You should consider upgrading via the 'pip install --upgrade pip' command.
/home/gongyifan/work/openNMT-5/onmt/modules/GlobalAttention.py:181: UserWarning: Implicit dimension choice for softmax has been deprecated. Change the call to include dim=X as an argument.
  align_vectors = self.sm(align.view(batch*targetL, sourceL))
/home/gongyifan/env/local/lib/python2.7/site-packages/torch/nn/modules/container.py:67: UserWarning: Implicit dimension choice for log_softmax has been deprecated. Change the call to include dim=X as an argument.
  input = module(input)
/home/gongyifan/env/local/lib/python2.7/site-packages/torch/tensor.py:309: UserWarning: other is not broadcastable to self, but they have the same number of elements.  Falling back to deprecated pointwise behavior.
  return self.add_(other)
Loading model parameters.
('average src size', 108, 725)
==================================================
15 beam_size
wu length_penalty
0.2 alpha
wu coverage_penalty
0.8 beta
==================================================
PRED AVG SCORE: -9.9134, PRED PPL: 20199.6570
GOLD AVG SCORE: -2.6442, GOLD PPL: 14.0722
python translate.py -model cover5_lcsts/_acc_*_e30.pt -batch_size 50 -src lcsts/725_source -tgt lcsts/725_target -output penalty/pre.e30_len_0.2_cov_1.0 -beam_size 15 -length_penalty wu -coverage_penalty wu -alpha 0.2 -beta 1.0
You are using pip version 9.0.1, however version 10.0.0 is available.
You should consider upgrading via the 'pip install --upgrade pip' command.
You are using pip version 9.0.1, however version 10.0.0 is available.
You should consider upgrading via the 'pip install --upgrade pip' command.
/home/gongyifan/work/openNMT-5/onmt/modules/GlobalAttention.py:181: UserWarning: Implicit dimension choice for softmax has been deprecated. Change the call to include dim=X as an argument.
  align_vectors = self.sm(align.view(batch*targetL, sourceL))
/home/gongyifan/env/local/lib/python2.7/site-packages/torch/nn/modules/container.py:67: UserWarning: Implicit dimension choice for log_softmax has been deprecated. Change the call to include dim=X as an argument.
  input = module(input)
/home/gongyifan/env/local/lib/python2.7/site-packages/torch/tensor.py:309: UserWarning: other is not broadcastable to self, but they have the same number of elements.  Falling back to deprecated pointwise behavior.
  return self.add_(other)
Loading model parameters.
('average src size', 108, 725)
==================================================
15 beam_size
wu length_penalty
0.2 alpha
wu coverage_penalty
1.0 beta
==================================================
PRED AVG SCORE: -12.2093, PRED PPL: 200656.3704
GOLD AVG SCORE: -2.6442, GOLD PPL: 14.0722
python translate.py -model cover5_lcsts/_acc_*_e30.pt -batch_size 50 -src lcsts/725_source -tgt lcsts/725_target -output penalty/pre.e30_len_0.4_cov_0 -beam_size 15 -length_penalty wu -coverage_penalty wu -alpha 0.4 -beta 0
You are using pip version 9.0.1, however version 10.0.0 is available.
You should consider upgrading via the 'pip install --upgrade pip' command.
You are using pip version 9.0.1, however version 10.0.0 is available.
You should consider upgrading via the 'pip install --upgrade pip' command.
/home/gongyifan/work/openNMT-5/onmt/modules/GlobalAttention.py:181: UserWarning: Implicit dimension choice for softmax has been deprecated. Change the call to include dim=X as an argument.
  align_vectors = self.sm(align.view(batch*targetL, sourceL))
/home/gongyifan/env/local/lib/python2.7/site-packages/torch/nn/modules/container.py:67: UserWarning: Implicit dimension choice for log_softmax has been deprecated. Change the call to include dim=X as an argument.
  input = module(input)
/home/gongyifan/env/local/lib/python2.7/site-packages/torch/tensor.py:309: UserWarning: other is not broadcastable to self, but they have the same number of elements.  Falling back to deprecated pointwise behavior.
  return self.add_(other)
Loading model parameters.
('average src size', 108, 725)
==================================================
15 beam_size
wu length_penalty
0.4 alpha
wu coverage_penalty
0.0 beta
==================================================
PRED AVG SCORE: -0.3632, PRED PPL: 1.4380
GOLD AVG SCORE: -2.6442, GOLD PPL: 14.0722
python translate.py -model cover5_lcsts/_acc_*_e30.pt -batch_size 50 -src lcsts/725_source -tgt lcsts/725_target -output penalty/pre.e30_len_0.4_cov_0.2 -beam_size 15 -length_penalty wu -coverage_penalty wu -alpha 0.4 -beta 0.2
You are using pip version 9.0.1, however version 10.0.0 is available.
You should consider upgrading via the 'pip install --upgrade pip' command.
You are using pip version 9.0.1, however version 10.0.0 is available.
You should consider upgrading via the 'pip install --upgrade pip' command.
/home/gongyifan/work/openNMT-5/onmt/modules/GlobalAttention.py:181: UserWarning: Implicit dimension choice for softmax has been deprecated. Change the call to include dim=X as an argument.
  align_vectors = self.sm(align.view(batch*targetL, sourceL))
/home/gongyifan/env/local/lib/python2.7/site-packages/torch/nn/modules/container.py:67: UserWarning: Implicit dimension choice for log_softmax has been deprecated. Change the call to include dim=X as an argument.
  input = module(input)
/home/gongyifan/env/local/lib/python2.7/site-packages/torch/tensor.py:309: UserWarning: other is not broadcastable to self, but they have the same number of elements.  Falling back to deprecated pointwise behavior.
  return self.add_(other)
Loading model parameters.
('average src size', 108, 725)
==================================================
15 beam_size
wu length_penalty
0.4 alpha
wu coverage_penalty
0.2 beta
==================================================
PRED AVG SCORE: -2.8557, PRED PPL: 17.3870
GOLD AVG SCORE: -2.6442, GOLD PPL: 14.0722
python translate.py -model cover5_lcsts/_acc_*_e30.pt -batch_size 50 -src lcsts/725_source -tgt lcsts/725_target -output penalty/pre.e30_len_0.4_cov_0.4 -beam_size 15 -length_penalty wu -coverage_penalty wu -alpha 0.4 -beta 0.4
You are using pip version 9.0.1, however version 10.0.0 is available.
You should consider upgrading via the 'pip install --upgrade pip' command.
You are using pip version 9.0.1, however version 10.0.0 is available.
You should consider upgrading via the 'pip install --upgrade pip' command.
/home/gongyifan/work/openNMT-5/onmt/modules/GlobalAttention.py:181: UserWarning: Implicit dimension choice for softmax has been deprecated. Change the call to include dim=X as an argument.
  align_vectors = self.sm(align.view(batch*targetL, sourceL))
/home/gongyifan/env/local/lib/python2.7/site-packages/torch/nn/modules/container.py:67: UserWarning: Implicit dimension choice for log_softmax has been deprecated. Change the call to include dim=X as an argument.
  input = module(input)
/home/gongyifan/env/local/lib/python2.7/site-packages/torch/tensor.py:309: UserWarning: other is not broadcastable to self, but they have the same number of elements.  Falling back to deprecated pointwise behavior.
  return self.add_(other)
Loading model parameters.
('average src size', 108, 725)
==================================================
15 beam_size
wu length_penalty
0.4 alpha
wu coverage_penalty
0.4 beta
==================================================
PRED AVG SCORE: -5.1240, PRED PPL: 167.9998
GOLD AVG SCORE: -2.6442, GOLD PPL: 14.0722
python translate.py -model cover5_lcsts/_acc_*_e30.pt -batch_size 50 -src lcsts/725_source -tgt lcsts/725_target -output penalty/pre.e30_len_0.4_cov_0.6 -beam_size 15 -length_penalty wu -coverage_penalty wu -alpha 0.4 -beta 0.6
You are using pip version 9.0.1, however version 10.0.0 is available.
You should consider upgrading via the 'pip install --upgrade pip' command.
You are using pip version 9.0.1, however version 10.0.0 is available.
You should consider upgrading via the 'pip install --upgrade pip' command.
/home/gongyifan/work/openNMT-5/onmt/modules/GlobalAttention.py:181: UserWarning: Implicit dimension choice for softmax has been deprecated. Change the call to include dim=X as an argument.
  align_vectors = self.sm(align.view(batch*targetL, sourceL))
/home/gongyifan/env/local/lib/python2.7/site-packages/torch/nn/modules/container.py:67: UserWarning: Implicit dimension choice for log_softmax has been deprecated. Change the call to include dim=X as an argument.
  input = module(input)
/home/gongyifan/env/local/lib/python2.7/site-packages/torch/tensor.py:309: UserWarning: other is not broadcastable to self, but they have the same number of elements.  Falling back to deprecated pointwise behavior.
  return self.add_(other)
Loading model parameters.
('average src size', 108, 725)
==================================================
15 beam_size
wu length_penalty
0.4 alpha
wu coverage_penalty
0.6 beta
==================================================
PRED AVG SCORE: -7.4039, PRED PPL: 1642.4256
GOLD AVG SCORE: -2.6442, GOLD PPL: 14.0722
python translate.py -model cover5_lcsts/_acc_*_e30.pt -batch_size 50 -src lcsts/725_source -tgt lcsts/725_target -output penalty/pre.e30_len_0.4_cov_0.8 -beam_size 15 -length_penalty wu -coverage_penalty wu -alpha 0.4 -beta 0.8
You are using pip version 9.0.1, however version 10.0.0 is available.
You should consider upgrading via the 'pip install --upgrade pip' command.
You are using pip version 9.0.1, however version 10.0.0 is available.
You should consider upgrading via the 'pip install --upgrade pip' command.
/home/gongyifan/work/openNMT-5/onmt/modules/GlobalAttention.py:181: UserWarning: Implicit dimension choice for softmax has been deprecated. Change the call to include dim=X as an argument.
  align_vectors = self.sm(align.view(batch*targetL, sourceL))
/home/gongyifan/env/local/lib/python2.7/site-packages/torch/nn/modules/container.py:67: UserWarning: Implicit dimension choice for log_softmax has been deprecated. Change the call to include dim=X as an argument.
  input = module(input)
/home/gongyifan/env/local/lib/python2.7/site-packages/torch/tensor.py:309: UserWarning: other is not broadcastable to self, but they have the same number of elements.  Falling back to deprecated pointwise behavior.
  return self.add_(other)
Loading model parameters.
('average src size', 108, 725)
==================================================
15 beam_size
wu length_penalty
0.4 alpha
wu coverage_penalty
0.8 beta
==================================================
PRED AVG SCORE: -9.7023, PRED PPL: 16355.3507
GOLD AVG SCORE: -2.6442, GOLD PPL: 14.0722
python translate.py -model cover5_lcsts/_acc_*_e30.pt -batch_size 50 -src lcsts/725_source -tgt lcsts/725_target -output penalty/pre.e30_len_0.4_cov_1.0 -beam_size 15 -length_penalty wu -coverage_penalty wu -alpha 0.4 -beta 1.0
You are using pip version 9.0.1, however version 10.0.0 is available.
You should consider upgrading via the 'pip install --upgrade pip' command.
You are using pip version 9.0.1, however version 10.0.0 is available.
You should consider upgrading via the 'pip install --upgrade pip' command.
/home/gongyifan/work/openNMT-5/onmt/modules/GlobalAttention.py:181: UserWarning: Implicit dimension choice for softmax has been deprecated. Change the call to include dim=X as an argument.
  align_vectors = self.sm(align.view(batch*targetL, sourceL))
/home/gongyifan/env/local/lib/python2.7/site-packages/torch/nn/modules/container.py:67: UserWarning: Implicit dimension choice for log_softmax has been deprecated. Change the call to include dim=X as an argument.
  input = module(input)
/home/gongyifan/env/local/lib/python2.7/site-packages/torch/tensor.py:309: UserWarning: other is not broadcastable to self, but they have the same number of elements.  Falling back to deprecated pointwise behavior.
  return self.add_(other)
Loading model parameters.
('average src size', 108, 725)
==================================================
15 beam_size
wu length_penalty
0.4 alpha
wu coverage_penalty
1.0 beta
==================================================
PRED AVG SCORE: -12.0152, PRED PPL: 165242.7512
GOLD AVG SCORE: -2.6442, GOLD PPL: 14.0722
python translate.py -model cover5_lcsts/_acc_*_e30.pt -batch_size 50 -src lcsts/725_source -tgt lcsts/725_target -output penalty/pre.e30_len_0.6_cov_0 -beam_size 15 -length_penalty wu -coverage_penalty wu -alpha 0.6 -beta 0
You are using pip version 9.0.1, however version 10.0.0 is available.
You should consider upgrading via the 'pip install --upgrade pip' command.
You are using pip version 9.0.1, however version 10.0.0 is available.
You should consider upgrading via the 'pip install --upgrade pip' command.
/home/gongyifan/work/openNMT-5/onmt/modules/GlobalAttention.py:181: UserWarning: Implicit dimension choice for softmax has been deprecated. Change the call to include dim=X as an argument.
  align_vectors = self.sm(align.view(batch*targetL, sourceL))
/home/gongyifan/env/local/lib/python2.7/site-packages/torch/nn/modules/container.py:67: UserWarning: Implicit dimension choice for log_softmax has been deprecated. Change the call to include dim=X as an argument.
  input = module(input)
/home/gongyifan/env/local/lib/python2.7/site-packages/torch/tensor.py:309: UserWarning: other is not broadcastable to self, but they have the same number of elements.  Falling back to deprecated pointwise behavior.
  return self.add_(other)
Loading model parameters.
('average src size', 108, 725)
==================================================
15 beam_size
wu length_penalty
0.6 alpha
wu coverage_penalty
0.0 beta
==================================================
PRED AVG SCORE: -0.2717, PRED PPL: 1.3122
GOLD AVG SCORE: -2.6442, GOLD PPL: 14.0722
python translate.py -model cover5_lcsts/_acc_*_e30.pt -batch_size 50 -src lcsts/725_source -tgt lcsts/725_target -output penalty/pre.e30_len_0.6_cov_0.2 -beam_size 15 -length_penalty wu -coverage_penalty wu -alpha 0.6 -beta 0.2
You are using pip version 9.0.1, however version 10.0.0 is available.
You should consider upgrading via the 'pip install --upgrade pip' command.
You are using pip version 9.0.1, however version 10.0.0 is available.
You should consider upgrading via the 'pip install --upgrade pip' command.
/home/gongyifan/work/openNMT-5/onmt/modules/GlobalAttention.py:181: UserWarning: Implicit dimension choice for softmax has been deprecated. Change the call to include dim=X as an argument.
  align_vectors = self.sm(align.view(batch*targetL, sourceL))
/home/gongyifan/env/local/lib/python2.7/site-packages/torch/nn/modules/container.py:67: UserWarning: Implicit dimension choice for log_softmax has been deprecated. Change the call to include dim=X as an argument.
  input = module(input)
/home/gongyifan/env/local/lib/python2.7/site-packages/torch/tensor.py:309: UserWarning: other is not broadcastable to self, but they have the same number of elements.  Falling back to deprecated pointwise behavior.
  return self.add_(other)
Loading model parameters.
('average src size', 108, 725)
==================================================
15 beam_size
wu length_penalty
0.6 alpha
wu coverage_penalty
0.2 beta
==================================================
PRED AVG SCORE: -2.6825, PRED PPL: 14.6210
GOLD AVG SCORE: -2.6442, GOLD PPL: 14.0722
python translate.py -model cover5_lcsts/_acc_*_e30.pt -batch_size 50 -src lcsts/725_source -tgt lcsts/725_target -output penalty/pre.e30_len_0.6_cov_0.4 -beam_size 15 -length_penalty wu -coverage_penalty wu -alpha 0.6 -beta 0.4
You are using pip version 9.0.1, however version 10.0.0 is available.
You should consider upgrading via the 'pip install --upgrade pip' command.
You are using pip version 9.0.1, however version 10.0.0 is available.
You should consider upgrading via the 'pip install --upgrade pip' command.
/home/gongyifan/work/openNMT-5/onmt/modules/GlobalAttention.py:181: UserWarning: Implicit dimension choice for softmax has been deprecated. Change the call to include dim=X as an argument.
  align_vectors = self.sm(align.view(batch*targetL, sourceL))
/home/gongyifan/env/local/lib/python2.7/site-packages/torch/nn/modules/container.py:67: UserWarning: Implicit dimension choice for log_softmax has been deprecated. Change the call to include dim=X as an argument.
  input = module(input)
/home/gongyifan/env/local/lib/python2.7/site-packages/torch/tensor.py:309: UserWarning: other is not broadcastable to self, but they have the same number of elements.  Falling back to deprecated pointwise behavior.
  return self.add_(other)
Loading model parameters.
('average src size', 108, 725)
==================================================
15 beam_size
wu length_penalty
0.6 alpha
wu coverage_penalty
0.4 beta
==================================================
PRED AVG SCORE: -4.9592, PRED PPL: 142.4817
GOLD AVG SCORE: -2.6442, GOLD PPL: 14.0722
python translate.py -model cover5_lcsts/_acc_*_e30.pt -batch_size 50 -src lcsts/725_source -tgt lcsts/725_target -output penalty/pre.e30_len_0.6_cov_0.6 -beam_size 15 -length_penalty wu -coverage_penalty wu -alpha 0.6 -beta 0.6
You are using pip version 9.0.1, however version 10.0.0 is available.
You should consider upgrading via the 'pip install --upgrade pip' command.
You are using pip version 9.0.1, however version 10.0.0 is available.
You should consider upgrading via the 'pip install --upgrade pip' command.
/home/gongyifan/work/openNMT-5/onmt/modules/GlobalAttention.py:181: UserWarning: Implicit dimension choice for softmax has been deprecated. Change the call to include dim=X as an argument.
  align_vectors = self.sm(align.view(batch*targetL, sourceL))
/home/gongyifan/env/local/lib/python2.7/site-packages/torch/nn/modules/container.py:67: UserWarning: Implicit dimension choice for log_softmax has been deprecated. Change the call to include dim=X as an argument.
  input = module(input)
/home/gongyifan/env/local/lib/python2.7/site-packages/torch/tensor.py:309: UserWarning: other is not broadcastable to self, but they have the same number of elements.  Falling back to deprecated pointwise behavior.
  return self.add_(other)
Loading model parameters.
('average src size', 108, 725)
==================================================
15 beam_size
wu length_penalty
0.6 alpha
wu coverage_penalty
0.6 beta
==================================================
PRED AVG SCORE: -7.2607, PRED PPL: 1423.2280
GOLD AVG SCORE: -2.6442, GOLD PPL: 14.0722
python translate.py -model cover5_lcsts/_acc_*_e30.pt -batch_size 50 -src lcsts/725_source -tgt lcsts/725_target -output penalty/pre.e30_len_0.6_cov_0.8 -beam_size 15 -length_penalty wu -coverage_penalty wu -alpha 0.6 -beta 0.8
You are using pip version 9.0.1, however version 10.0.0 is available.
You should consider upgrading via the 'pip install --upgrade pip' command.
You are using pip version 9.0.1, however version 10.0.0 is available.
You should consider upgrading via the 'pip install --upgrade pip' command.
/home/gongyifan/work/openNMT-5/onmt/modules/GlobalAttention.py:181: UserWarning: Implicit dimension choice for softmax has been deprecated. Change the call to include dim=X as an argument.
  align_vectors = self.sm(align.view(batch*targetL, sourceL))
/home/gongyifan/env/local/lib/python2.7/site-packages/torch/nn/modules/container.py:67: UserWarning: Implicit dimension choice for log_softmax has been deprecated. Change the call to include dim=X as an argument.
  input = module(input)
/home/gongyifan/env/local/lib/python2.7/site-packages/torch/tensor.py:309: UserWarning: other is not broadcastable to self, but they have the same number of elements.  Falling back to deprecated pointwise behavior.
  return self.add_(other)
Loading model parameters.
('average src size', 108, 725)
==================================================
15 beam_size
wu length_penalty
0.6 alpha
wu coverage_penalty
0.8 beta
==================================================
PRED AVG SCORE: -9.5674, PRED PPL: 14291.5182
GOLD AVG SCORE: -2.6442, GOLD PPL: 14.0722
python translate.py -model cover5_lcsts/_acc_*_e30.pt -batch_size 50 -src lcsts/725_source -tgt lcsts/725_target -output penalty/pre.e30_len_0.6_cov_1.0 -beam_size 15 -length_penalty wu -coverage_penalty wu -alpha 0.6 -beta 1.0
You are using pip version 9.0.1, however version 10.0.0 is available.
You should consider upgrading via the 'pip install --upgrade pip' command.
You are using pip version 9.0.1, however version 10.0.0 is available.
You should consider upgrading via the 'pip install --upgrade pip' command.
/home/gongyifan/work/openNMT-5/onmt/modules/GlobalAttention.py:181: UserWarning: Implicit dimension choice for softmax has been deprecated. Change the call to include dim=X as an argument.
  align_vectors = self.sm(align.view(batch*targetL, sourceL))
/home/gongyifan/env/local/lib/python2.7/site-packages/torch/nn/modules/container.py:67: UserWarning: Implicit dimension choice for log_softmax has been deprecated. Change the call to include dim=X as an argument.
  input = module(input)
/home/gongyifan/env/local/lib/python2.7/site-packages/torch/tensor.py:309: UserWarning: other is not broadcastable to self, but they have the same number of elements.  Falling back to deprecated pointwise behavior.
  return self.add_(other)
Loading model parameters.
('average src size', 108, 725)
==================================================
15 beam_size
wu length_penalty
0.6 alpha
wu coverage_penalty
1.0 beta
==================================================
PRED AVG SCORE: -11.8774, PRED PPL: 143975.5008
GOLD AVG SCORE: -2.6442, GOLD PPL: 14.0722
python translate.py -model cover5_lcsts/_acc_*_e30.pt -batch_size 50 -src lcsts/725_source -tgt lcsts/725_target -output penalty/pre.e30_len_0.8_cov_0 -beam_size 15 -length_penalty wu -coverage_penalty wu -alpha 0.8 -beta 0
You are using pip version 9.0.1, however version 10.0.0 is available.
You should consider upgrading via the 'pip install --upgrade pip' command.
You are using pip version 9.0.1, however version 10.0.0 is available.
You should consider upgrading via the 'pip install --upgrade pip' command.
/home/gongyifan/work/openNMT-5/onmt/modules/GlobalAttention.py:181: UserWarning: Implicit dimension choice for softmax has been deprecated. Change the call to include dim=X as an argument.
  align_vectors = self.sm(align.view(batch*targetL, sourceL))
/home/gongyifan/env/local/lib/python2.7/site-packages/torch/nn/modules/container.py:67: UserWarning: Implicit dimension choice for log_softmax has been deprecated. Change the call to include dim=X as an argument.
  input = module(input)
/home/gongyifan/env/local/lib/python2.7/site-packages/torch/tensor.py:309: UserWarning: other is not broadcastable to self, but they have the same number of elements.  Falling back to deprecated pointwise behavior.
  return self.add_(other)
Loading model parameters.
('average src size', 108, 725)
==================================================
15 beam_size
wu length_penalty
0.8 alpha
wu coverage_penalty
0.0 beta
==================================================
PRED AVG SCORE: -0.2021, PRED PPL: 1.2240
GOLD AVG SCORE: -2.6442, GOLD PPL: 14.0722
python translate.py -model cover5_lcsts/_acc_*_e30.pt -batch_size 50 -src lcsts/725_source -tgt lcsts/725_target -output penalty/pre.e30_len_0.8_cov_0.2 -beam_size 15 -length_penalty wu -coverage_penalty wu -alpha 0.8 -beta 0.2
You are using pip version 9.0.1, however version 10.0.0 is available.
You should consider upgrading via the 'pip install --upgrade pip' command.
You are using pip version 9.0.1, however version 10.0.0 is available.
You should consider upgrading via the 'pip install --upgrade pip' command.
/home/gongyifan/work/openNMT-5/onmt/modules/GlobalAttention.py:181: UserWarning: Implicit dimension choice for softmax has been deprecated. Change the call to include dim=X as an argument.
  align_vectors = self.sm(align.view(batch*targetL, sourceL))
/home/gongyifan/env/local/lib/python2.7/site-packages/torch/nn/modules/container.py:67: UserWarning: Implicit dimension choice for log_softmax has been deprecated. Change the call to include dim=X as an argument.
  input = module(input)
/home/gongyifan/env/local/lib/python2.7/site-packages/torch/tensor.py:309: UserWarning: other is not broadcastable to self, but they have the same number of elements.  Falling back to deprecated pointwise behavior.
  return self.add_(other)
Loading model parameters.
('average src size', 108, 725)
==================================================
15 beam_size
wu length_penalty
0.8 alpha
wu coverage_penalty
0.2 beta
==================================================
PRED AVG SCORE: -2.5606, PRED PPL: 12.9434
GOLD AVG SCORE: -2.6442, GOLD PPL: 14.0722
python translate.py -model cover5_lcsts/_acc_*_e30.pt -batch_size 50 -src lcsts/725_source -tgt lcsts/725_target -output penalty/pre.e30_len_0.8_cov_0.4 -beam_size 15 -length_penalty wu -coverage_penalty wu -alpha 0.8 -beta 0.4
You are using pip version 9.0.1, however version 10.0.0 is available.
You should consider upgrading via the 'pip install --upgrade pip' command.
You are using pip version 9.0.1, however version 10.0.0 is available.
You should consider upgrading via the 'pip install --upgrade pip' command.
/home/gongyifan/work/openNMT-5/onmt/modules/GlobalAttention.py:181: UserWarning: Implicit dimension choice for softmax has been deprecated. Change the call to include dim=X as an argument.
  align_vectors = self.sm(align.view(batch*targetL, sourceL))
/home/gongyifan/env/local/lib/python2.7/site-packages/torch/nn/modules/container.py:67: UserWarning: Implicit dimension choice for log_softmax has been deprecated. Change the call to include dim=X as an argument.
  input = module(input)
/home/gongyifan/env/local/lib/python2.7/site-packages/torch/tensor.py:309: UserWarning: other is not broadcastable to self, but they have the same number of elements.  Falling back to deprecated pointwise behavior.
  return self.add_(other)
Loading model parameters.
('average src size', 108, 725)
==================================================
15 beam_size
wu length_penalty
0.8 alpha
wu coverage_penalty
0.4 beta
==================================================
PRED AVG SCORE: -4.8566, PRED PPL: 128.5835
GOLD AVG SCORE: -2.6442, GOLD PPL: 14.0722
python translate.py -model cover5_lcsts/_acc_*_e30.pt -batch_size 50 -src lcsts/725_source -tgt lcsts/725_target -output penalty/pre.e30_len_0.8_cov_0.6 -beam_size 15 -length_penalty wu -coverage_penalty wu -alpha 0.8 -beta 0.6
You are using pip version 9.0.1, however version 10.0.0 is available.
You should consider upgrading via the 'pip install --upgrade pip' command.
You are using pip version 9.0.1, however version 10.0.0 is available.
You should consider upgrading via the 'pip install --upgrade pip' command.
/home/gongyifan/work/openNMT-5/onmt/modules/GlobalAttention.py:181: UserWarning: Implicit dimension choice for softmax has been deprecated. Change the call to include dim=X as an argument.
  align_vectors = self.sm(align.view(batch*targetL, sourceL))
/home/gongyifan/env/local/lib/python2.7/site-packages/torch/nn/modules/container.py:67: UserWarning: Implicit dimension choice for log_softmax has been deprecated. Change the call to include dim=X as an argument.
  input = module(input)
/home/gongyifan/env/local/lib/python2.7/site-packages/torch/tensor.py:309: UserWarning: other is not broadcastable to self, but they have the same number of elements.  Falling back to deprecated pointwise behavior.
  return self.add_(other)
Loading model parameters.
('average src size', 108, 725)
==================================================
15 beam_size
wu length_penalty
0.8 alpha
wu coverage_penalty
0.6 beta
==================================================
PRED AVG SCORE: -7.1641, PRED PPL: 1292.2114
GOLD AVG SCORE: -2.6442, GOLD PPL: 14.0722
python translate.py -model cover5_lcsts/_acc_*_e30.pt -batch_size 50 -src lcsts/725_source -tgt lcsts/725_target -output penalty/pre.e30_len_0.8_cov_0.8 -beam_size 15 -length_penalty wu -coverage_penalty wu -alpha 0.8 -beta 0.8
You are using pip version 9.0.1, however version 10.0.0 is available.
You should consider upgrading via the 'pip install --upgrade pip' command.
You are using pip version 9.0.1, however version 10.0.0 is available.
You should consider upgrading via the 'pip install --upgrade pip' command.
/home/gongyifan/work/openNMT-5/onmt/modules/GlobalAttention.py:181: UserWarning: Implicit dimension choice for softmax has been deprecated. Change the call to include dim=X as an argument.
  align_vectors = self.sm(align.view(batch*targetL, sourceL))
/home/gongyifan/env/local/lib/python2.7/site-packages/torch/nn/modules/container.py:67: UserWarning: Implicit dimension choice for log_softmax has been deprecated. Change the call to include dim=X as an argument.
  input = module(input)
/home/gongyifan/env/local/lib/python2.7/site-packages/torch/tensor.py:309: UserWarning: other is not broadcastable to self, but they have the same number of elements.  Falling back to deprecated pointwise behavior.
  return self.add_(other)
Loading model parameters.
('average src size', 108, 725)
==================================================
15 beam_size
wu length_penalty
0.8 alpha
wu coverage_penalty
0.8 beta
==================================================
PRED AVG SCORE: -9.4731, PRED PPL: 13004.7409
GOLD AVG SCORE: -2.6442, GOLD PPL: 14.0722
python translate.py -model cover5_lcsts/_acc_*_e30.pt -batch_size 50 -src lcsts/725_source -tgt lcsts/725_target -output penalty/pre.e30_len_0.8_cov_1.0 -beam_size 15 -length_penalty wu -coverage_penalty wu -alpha 0.8 -beta 1.0
You are using pip version 9.0.1, however version 10.0.0 is available.
You should consider upgrading via the 'pip install --upgrade pip' command.
You are using pip version 9.0.1, however version 10.0.0 is available.
You should consider upgrading via the 'pip install --upgrade pip' command.
/home/gongyifan/work/openNMT-5/onmt/modules/GlobalAttention.py:181: UserWarning: Implicit dimension choice for softmax has been deprecated. Change the call to include dim=X as an argument.
  align_vectors = self.sm(align.view(batch*targetL, sourceL))
/home/gongyifan/env/local/lib/python2.7/site-packages/torch/nn/modules/container.py:67: UserWarning: Implicit dimension choice for log_softmax has been deprecated. Change the call to include dim=X as an argument.
  input = module(input)
/home/gongyifan/env/local/lib/python2.7/site-packages/torch/tensor.py:309: UserWarning: other is not broadcastable to self, but they have the same number of elements.  Falling back to deprecated pointwise behavior.
  return self.add_(other)
Loading model parameters.
('average src size', 108, 725)
==================================================
15 beam_size
wu length_penalty
0.8 alpha
wu coverage_penalty
1.0 beta
==================================================
PRED AVG SCORE: -11.7845, PRED PPL: 131198.8764
GOLD AVG SCORE: -2.6442, GOLD PPL: 14.0722
python translate.py -model cover5_lcsts/_acc_*_e30.pt -batch_size 50 -src lcsts/725_source -tgt lcsts/725_target -output penalty/pre.e30_len_1.0_cov_0 -beam_size 15 -length_penalty wu -coverage_penalty wu -alpha 1.0 -beta 0
You are using pip version 9.0.1, however version 10.0.0 is available.
You should consider upgrading via the 'pip install --upgrade pip' command.
You are using pip version 9.0.1, however version 10.0.0 is available.
You should consider upgrading via the 'pip install --upgrade pip' command.
/home/gongyifan/work/openNMT-5/onmt/modules/GlobalAttention.py:181: UserWarning: Implicit dimension choice for softmax has been deprecated. Change the call to include dim=X as an argument.
  align_vectors = self.sm(align.view(batch*targetL, sourceL))
/home/gongyifan/env/local/lib/python2.7/site-packages/torch/nn/modules/container.py:67: UserWarning: Implicit dimension choice for log_softmax has been deprecated. Change the call to include dim=X as an argument.
  input = module(input)
/home/gongyifan/env/local/lib/python2.7/site-packages/torch/tensor.py:309: UserWarning: other is not broadcastable to self, but they have the same number of elements.  Falling back to deprecated pointwise behavior.
  return self.add_(other)
Loading model parameters.
('average src size', 108, 725)
==================================================
15 beam_size
wu length_penalty
1.0 alpha
wu coverage_penalty
0.0 beta
==================================================
PRED AVG SCORE: -0.1494, PRED PPL: 1.1611
GOLD AVG SCORE: -2.6442, GOLD PPL: 14.0722
python translate.py -model cover5_lcsts/_acc_*_e30.pt -batch_size 50 -src lcsts/725_source -tgt lcsts/725_target -output penalty/pre.e30_len_1.0_cov_0.2 -beam_size 15 -length_penalty wu -coverage_penalty wu -alpha 1.0 -beta 0.2
You are using pip version 9.0.1, however version 10.0.0 is available.
You should consider upgrading via the 'pip install --upgrade pip' command.
You are using pip version 9.0.1, however version 10.0.0 is available.
You should consider upgrading via the 'pip install --upgrade pip' command.
/home/gongyifan/work/openNMT-5/onmt/modules/GlobalAttention.py:181: UserWarning: Implicit dimension choice for softmax has been deprecated. Change the call to include dim=X as an argument.
  align_vectors = self.sm(align.view(batch*targetL, sourceL))
/home/gongyifan/env/local/lib/python2.7/site-packages/torch/nn/modules/container.py:67: UserWarning: Implicit dimension choice for log_softmax has been deprecated. Change the call to include dim=X as an argument.
  input = module(input)
/home/gongyifan/env/local/lib/python2.7/site-packages/torch/tensor.py:309: UserWarning: other is not broadcastable to self, but they have the same number of elements.  Falling back to deprecated pointwise behavior.
  return self.add_(other)
Loading model parameters.
('average src size', 108, 725)
==================================================
15 beam_size
wu length_penalty
1.0 alpha
wu coverage_penalty
0.2 beta
==================================================
PRED AVG SCORE: -2.4800, PRED PPL: 11.9413
GOLD AVG SCORE: -2.6442, GOLD PPL: 14.0722
python translate.py -model cover5_lcsts/_acc_*_e30.pt -batch_size 50 -src lcsts/725_source -tgt lcsts/725_target -output penalty/pre.e30_len_1.0_cov_0.4 -beam_size 15 -length_penalty wu -coverage_penalty wu -alpha 1.0 -beta 0.4
You are using pip version 9.0.1, however version 10.0.0 is available.
You should consider upgrading via the 'pip install --upgrade pip' command.
You are using pip version 9.0.1, however version 10.0.0 is available.
You should consider upgrading via the 'pip install --upgrade pip' command.
/home/gongyifan/work/openNMT-5/onmt/modules/GlobalAttention.py:181: UserWarning: Implicit dimension choice for softmax has been deprecated. Change the call to include dim=X as an argument.
  align_vectors = self.sm(align.view(batch*targetL, sourceL))
/home/gongyifan/env/local/lib/python2.7/site-packages/torch/nn/modules/container.py:67: UserWarning: Implicit dimension choice for log_softmax has been deprecated. Change the call to include dim=X as an argument.
  input = module(input)
/home/gongyifan/env/local/lib/python2.7/site-packages/torch/tensor.py:309: UserWarning: other is not broadcastable to self, but they have the same number of elements.  Falling back to deprecated pointwise behavior.
  return self.add_(other)
Loading model parameters.
('average src size', 108, 725)
==================================================
15 beam_size
wu length_penalty
1.0 alpha
wu coverage_penalty
0.4 beta
==================================================
PRED AVG SCORE: -4.7876, PRED PPL: 120.0075
GOLD AVG SCORE: -2.6442, GOLD PPL: 14.0722
python translate.py -model cover5_lcsts/_acc_*_e30.pt -batch_size 50 -src lcsts/725_source -tgt lcsts/725_target -output penalty/pre.e30_len_1.0_cov_0.6 -beam_size 15 -length_penalty wu -coverage_penalty wu -alpha 1.0 -beta 0.6
You are using pip version 9.0.1, however version 10.0.0 is available.
You should consider upgrading via the 'pip install --upgrade pip' command.
You are using pip version 9.0.1, however version 10.0.0 is available.
You should consider upgrading via the 'pip install --upgrade pip' command.
/home/gongyifan/work/openNMT-5/onmt/modules/GlobalAttention.py:181: UserWarning: Implicit dimension choice for softmax has been deprecated. Change the call to include dim=X as an argument.
  align_vectors = self.sm(align.view(batch*targetL, sourceL))
/home/gongyifan/env/local/lib/python2.7/site-packages/torch/nn/modules/container.py:67: UserWarning: Implicit dimension choice for log_softmax has been deprecated. Change the call to include dim=X as an argument.
  input = module(input)
/home/gongyifan/env/local/lib/python2.7/site-packages/torch/tensor.py:309: UserWarning: other is not broadcastable to self, but they have the same number of elements.  Falling back to deprecated pointwise behavior.
  return self.add_(other)
Loading model parameters.
('average src size', 108, 725)
==================================================
15 beam_size
wu length_penalty
1.0 alpha
wu coverage_penalty
0.6 beta
==================================================
PRED AVG SCORE: -7.0972, PRED PPL: 1208.5606
GOLD AVG SCORE: -2.6442, GOLD PPL: 14.0722
python translate.py -model cover5_lcsts/_acc_*_e30.pt -batch_size 50 -src lcsts/725_source -tgt lcsts/725_target -output penalty/pre.e30_len_1.0_cov_0.8 -beam_size 15 -length_penalty wu -coverage_penalty wu -alpha 1.0 -beta 0.8
You are using pip version 9.0.1, however version 10.0.0 is available.
You should consider upgrading via the 'pip install --upgrade pip' command.
You are using pip version 9.0.1, however version 10.0.0 is available.
You should consider upgrading via the 'pip install --upgrade pip' command.
/home/gongyifan/work/openNMT-5/onmt/modules/GlobalAttention.py:181: UserWarning: Implicit dimension choice for softmax has been deprecated. Change the call to include dim=X as an argument.
  align_vectors = self.sm(align.view(batch*targetL, sourceL))
/home/gongyifan/env/local/lib/python2.7/site-packages/torch/nn/modules/container.py:67: UserWarning: Implicit dimension choice for log_softmax has been deprecated. Change the call to include dim=X as an argument.
  input = module(input)
/home/gongyifan/env/local/lib/python2.7/site-packages/torch/tensor.py:309: UserWarning: other is not broadcastable to self, but they have the same number of elements.  Falling back to deprecated pointwise behavior.
  return self.add_(other)
Loading model parameters.
('average src size', 108, 725)
==================================================
15 beam_size
wu length_penalty
1.0 alpha
wu coverage_penalty
0.8 beta
==================================================
PRED AVG SCORE: -9.4073, PRED PPL: 12177.4316
GOLD AVG SCORE: -2.6442, GOLD PPL: 14.0722
python translate.py -model cover5_lcsts/_acc_*_e30.pt -batch_size 50 -src lcsts/725_source -tgt lcsts/725_target -output penalty/pre.e30_len_1.0_cov_1.0 -beam_size 15 -length_penalty wu -coverage_penalty wu -alpha 1.0 -beta 1.0
You are using pip version 9.0.1, however version 10.0.0 is available.
You should consider upgrading via the 'pip install --upgrade pip' command.
You are using pip version 9.0.1, however version 10.0.0 is available.
You should consider upgrading via the 'pip install --upgrade pip' command.
/home/gongyifan/work/openNMT-5/onmt/modules/GlobalAttention.py:181: UserWarning: Implicit dimension choice for softmax has been deprecated. Change the call to include dim=X as an argument.
  align_vectors = self.sm(align.view(batch*targetL, sourceL))
/home/gongyifan/env/local/lib/python2.7/site-packages/torch/nn/modules/container.py:67: UserWarning: Implicit dimension choice for log_softmax has been deprecated. Change the call to include dim=X as an argument.
  input = module(input)
/home/gongyifan/env/local/lib/python2.7/site-packages/torch/tensor.py:309: UserWarning: other is not broadcastable to self, but they have the same number of elements.  Falling back to deprecated pointwise behavior.
  return self.add_(other)
Loading model parameters.
('average src size', 108, 725)
==================================================
15 beam_size
wu length_penalty
1.0 alpha
wu coverage_penalty
1.0 beta
==================================================
PRED AVG SCORE: -11.7177, PRED PPL: 122728.3980
GOLD AVG SCORE: -2.6442, GOLD PPL: 14.0722
