python translate.py -model base_line_lcsts/_acc_*_e30.pt -batch_size 50 -src lcsts/725_source -tgt lcsts/725_target -output penalty/pre.e30_len_0_cov_0 -beam_size 15 -length_penalty wu -coverage_penalty wu -alpha 0 -beta 0
You are using pip version 9.0.1, however version 10.0.0 is available.
You should consider upgrading via the 'pip install --upgrade pip' command.
You are using pip version 9.0.1, however version 10.0.0 is available.
You should consider upgrading via the 'pip install --upgrade pip' command.
/home/gongyifan/work/openNMT-base/onmt/modules/GlobalAttention.py:176: UserWarning: Implicit dimension choice for softmax has been deprecated. Change the call to include dim=X as an argument.
  align_vectors = self.sm(align.view(batch*targetL, sourceL))
/home/gongyifan/env/local/lib/python2.7/site-packages/torch/nn/modules/container.py:67: UserWarning: Implicit dimension choice for log_softmax has been deprecated. Change the call to include dim=X as an argument.
  input = module(input)
/home/gongyifan/env/local/lib/python2.7/site-packages/torch/tensor.py:309: UserWarning: other is not broadcastable to self, but they have the same number of elements.  Falling back to deprecated pointwise behavior.
  return self.add_(other)
Loading model parameters.
('average src size', 108, 725)
==================================================
15 beam_size
wu length_penalty
0.0 alpha
wu coverage_penalty
0.0 beta
==================================================
PRED AVG SCORE: -0.5661, PRED PPL: 1.7614
GOLD AVG SCORE: -2.5692, GOLD PPL: 13.0558
python translate.py -model base_line_lcsts/_acc_*_e30.pt -batch_size 50 -src lcsts/725_source -tgt lcsts/725_target -output penalty/pre.e30_len_0_cov_0.2 -beam_size 15 -length_penalty wu -coverage_penalty wu -alpha 0 -beta 0.2
You are using pip version 9.0.1, however version 10.0.0 is available.
You should consider upgrading via the 'pip install --upgrade pip' command.
You are using pip version 9.0.1, however version 10.0.0 is available.
You should consider upgrading via the 'pip install --upgrade pip' command.
/home/gongyifan/work/openNMT-base/onmt/modules/GlobalAttention.py:176: UserWarning: Implicit dimension choice for softmax has been deprecated. Change the call to include dim=X as an argument.
  align_vectors = self.sm(align.view(batch*targetL, sourceL))
/home/gongyifan/env/local/lib/python2.7/site-packages/torch/nn/modules/container.py:67: UserWarning: Implicit dimension choice for log_softmax has been deprecated. Change the call to include dim=X as an argument.
  input = module(input)
/home/gongyifan/env/local/lib/python2.7/site-packages/torch/tensor.py:309: UserWarning: other is not broadcastable to self, but they have the same number of elements.  Falling back to deprecated pointwise behavior.
  return self.add_(other)
Loading model parameters.
('average src size', 108, 725)
==================================================
15 beam_size
wu length_penalty
0.0 alpha
wu coverage_penalty
0.2 beta
==================================================
PRED AVG SCORE: -2.6598, PRED PPL: 14.2930
GOLD AVG SCORE: -2.5692, GOLD PPL: 13.0558
python translate.py -model base_line_lcsts/_acc_*_e30.pt -batch_size 50 -src lcsts/725_source -tgt lcsts/725_target -output penalty/pre.e30_len_0_cov_0.4 -beam_size 15 -length_penalty wu -coverage_penalty wu -alpha 0 -beta 0.4
You are using pip version 9.0.1, however version 10.0.0 is available.
You should consider upgrading via the 'pip install --upgrade pip' command.
You are using pip version 9.0.1, however version 10.0.0 is available.
You should consider upgrading via the 'pip install --upgrade pip' command.
/home/gongyifan/work/openNMT-base/onmt/modules/GlobalAttention.py:176: UserWarning: Implicit dimension choice for softmax has been deprecated. Change the call to include dim=X as an argument.
  align_vectors = self.sm(align.view(batch*targetL, sourceL))
/home/gongyifan/env/local/lib/python2.7/site-packages/torch/nn/modules/container.py:67: UserWarning: Implicit dimension choice for log_softmax has been deprecated. Change the call to include dim=X as an argument.
  input = module(input)
/home/gongyifan/env/local/lib/python2.7/site-packages/torch/tensor.py:309: UserWarning: other is not broadcastable to self, but they have the same number of elements.  Falling back to deprecated pointwise behavior.
  return self.add_(other)
Loading model parameters.
('average src size', 108, 725)
==================================================
15 beam_size
wu length_penalty
0.0 alpha
wu coverage_penalty
0.4 beta
==================================================
PRED AVG SCORE: -4.3598, PRED PPL: 78.2403
GOLD AVG SCORE: -2.5692, GOLD PPL: 13.0558
python translate.py -model base_line_lcsts/_acc_*_e30.pt -batch_size 50 -src lcsts/725_source -tgt lcsts/725_target -output penalty/pre.e30_len_0_cov_0.6 -beam_size 15 -length_penalty wu -coverage_penalty wu -alpha 0 -beta 0.6
You are using pip version 9.0.1, however version 10.0.0 is available.
You should consider upgrading via the 'pip install --upgrade pip' command.
You are using pip version 9.0.1, however version 10.0.0 is available.
You should consider upgrading via the 'pip install --upgrade pip' command.
/home/gongyifan/work/openNMT-base/onmt/modules/GlobalAttention.py:176: UserWarning: Implicit dimension choice for softmax has been deprecated. Change the call to include dim=X as an argument.
  align_vectors = self.sm(align.view(batch*targetL, sourceL))
/home/gongyifan/env/local/lib/python2.7/site-packages/torch/nn/modules/container.py:67: UserWarning: Implicit dimension choice for log_softmax has been deprecated. Change the call to include dim=X as an argument.
  input = module(input)
/home/gongyifan/env/local/lib/python2.7/site-packages/torch/tensor.py:309: UserWarning: other is not broadcastable to self, but they have the same number of elements.  Falling back to deprecated pointwise behavior.
  return self.add_(other)
Loading model parameters.
('average src size', 108, 725)
==================================================
15 beam_size
wu length_penalty
0.0 alpha
wu coverage_penalty
0.6 beta
==================================================
PRED AVG SCORE: -6.0385, PRED PPL: 419.2497
GOLD AVG SCORE: -2.5692, GOLD PPL: 13.0558
python translate.py -model base_line_lcsts/_acc_*_e30.pt -batch_size 50 -src lcsts/725_source -tgt lcsts/725_target -output penalty/pre.e30_len_0_cov_0.8 -beam_size 15 -length_penalty wu -coverage_penalty wu -alpha 0 -beta 0.8
You are using pip version 9.0.1, however version 10.0.0 is available.
You should consider upgrading via the 'pip install --upgrade pip' command.
You are using pip version 9.0.1, however version 10.0.0 is available.
You should consider upgrading via the 'pip install --upgrade pip' command.
/home/gongyifan/work/openNMT-base/onmt/modules/GlobalAttention.py:176: UserWarning: Implicit dimension choice for softmax has been deprecated. Change the call to include dim=X as an argument.
  align_vectors = self.sm(align.view(batch*targetL, sourceL))
/home/gongyifan/env/local/lib/python2.7/site-packages/torch/nn/modules/container.py:67: UserWarning: Implicit dimension choice for log_softmax has been deprecated. Change the call to include dim=X as an argument.
  input = module(input)
/home/gongyifan/env/local/lib/python2.7/site-packages/torch/tensor.py:309: UserWarning: other is not broadcastable to self, but they have the same number of elements.  Falling back to deprecated pointwise behavior.
  return self.add_(other)
Loading model parameters.
('average src size', 108, 725)
==================================================
15 beam_size
wu length_penalty
0.0 alpha
wu coverage_penalty
0.8 beta
==================================================
PRED AVG SCORE: -7.7345, PRED PPL: 2285.9742
GOLD AVG SCORE: -2.5692, GOLD PPL: 13.0558
python translate.py -model base_line_lcsts/_acc_*_e30.pt -batch_size 50 -src lcsts/725_source -tgt lcsts/725_target -output penalty/pre.e30_len_0_cov_1.0 -beam_size 15 -length_penalty wu -coverage_penalty wu -alpha 0 -beta 1.0
You are using pip version 9.0.1, however version 10.0.0 is available.
You should consider upgrading via the 'pip install --upgrade pip' command.
You are using pip version 9.0.1, however version 10.0.0 is available.
You should consider upgrading via the 'pip install --upgrade pip' command.
/home/gongyifan/work/openNMT-base/onmt/modules/GlobalAttention.py:176: UserWarning: Implicit dimension choice for softmax has been deprecated. Change the call to include dim=X as an argument.
  align_vectors = self.sm(align.view(batch*targetL, sourceL))
/home/gongyifan/env/local/lib/python2.7/site-packages/torch/nn/modules/container.py:67: UserWarning: Implicit dimension choice for log_softmax has been deprecated. Change the call to include dim=X as an argument.
  input = module(input)
/home/gongyifan/env/local/lib/python2.7/site-packages/torch/tensor.py:309: UserWarning: other is not broadcastable to self, but they have the same number of elements.  Falling back to deprecated pointwise behavior.
  return self.add_(other)
Loading model parameters.
('average src size', 108, 725)
==================================================
15 beam_size
wu length_penalty
0.0 alpha
wu coverage_penalty
1.0 beta
==================================================
PRED AVG SCORE: -9.4141, PRED PPL: 12259.4301
GOLD AVG SCORE: -2.5692, GOLD PPL: 13.0558
python translate.py -model base_line_lcsts/_acc_*_e30.pt -batch_size 50 -src lcsts/725_source -tgt lcsts/725_target -output penalty/pre.e30_len_0.2_cov_0 -beam_size 15 -length_penalty wu -coverage_penalty wu -alpha 0.2 -beta 0
You are using pip version 9.0.1, however version 10.0.0 is available.
You should consider upgrading via the 'pip install --upgrade pip' command.
You are using pip version 9.0.1, however version 10.0.0 is available.
You should consider upgrading via the 'pip install --upgrade pip' command.
/home/gongyifan/work/openNMT-base/onmt/modules/GlobalAttention.py:176: UserWarning: Implicit dimension choice for softmax has been deprecated. Change the call to include dim=X as an argument.
  align_vectors = self.sm(align.view(batch*targetL, sourceL))
/home/gongyifan/env/local/lib/python2.7/site-packages/torch/nn/modules/container.py:67: UserWarning: Implicit dimension choice for log_softmax has been deprecated. Change the call to include dim=X as an argument.
  input = module(input)
/home/gongyifan/env/local/lib/python2.7/site-packages/torch/tensor.py:309: UserWarning: other is not broadcastable to self, but they have the same number of elements.  Falling back to deprecated pointwise behavior.
  return self.add_(other)
Loading model parameters.
('average src size', 108, 725)
==================================================
15 beam_size
wu length_penalty
0.2 alpha
wu coverage_penalty
0.0 beta
==================================================
PRED AVG SCORE: -0.4269, PRED PPL: 1.5326
GOLD AVG SCORE: -2.5692, GOLD PPL: 13.0558
python translate.py -model base_line_lcsts/_acc_*_e30.pt -batch_size 50 -src lcsts/725_source -tgt lcsts/725_target -output penalty/pre.e30_len_0.2_cov_0.2 -beam_size 15 -length_penalty wu -coverage_penalty wu -alpha 0.2 -beta 0.2
You are using pip version 9.0.1, however version 10.0.0 is available.
You should consider upgrading via the 'pip install --upgrade pip' command.
You are using pip version 9.0.1, however version 10.0.0 is available.
You should consider upgrading via the 'pip install --upgrade pip' command.
/home/gongyifan/work/openNMT-base/onmt/modules/GlobalAttention.py:176: UserWarning: Implicit dimension choice for softmax has been deprecated. Change the call to include dim=X as an argument.
  align_vectors = self.sm(align.view(batch*targetL, sourceL))
/home/gongyifan/env/local/lib/python2.7/site-packages/torch/nn/modules/container.py:67: UserWarning: Implicit dimension choice for log_softmax has been deprecated. Change the call to include dim=X as an argument.
  input = module(input)
/home/gongyifan/env/local/lib/python2.7/site-packages/torch/tensor.py:309: UserWarning: other is not broadcastable to self, but they have the same number of elements.  Falling back to deprecated pointwise behavior.
  return self.add_(other)
Loading model parameters.
('average src size', 108, 725)
==================================================
15 beam_size
wu length_penalty
0.2 alpha
wu coverage_penalty
0.2 beta
==================================================
PRED AVG SCORE: -2.3623, PRED PPL: 10.6153
GOLD AVG SCORE: -2.5692, GOLD PPL: 13.0558
python translate.py -model base_line_lcsts/_acc_*_e30.pt -batch_size 50 -src lcsts/725_source -tgt lcsts/725_target -output penalty/pre.e30_len_0.2_cov_0.4 -beam_size 15 -length_penalty wu -coverage_penalty wu -alpha 0.2 -beta 0.4
You are using pip version 9.0.1, however version 10.0.0 is available.
You should consider upgrading via the 'pip install --upgrade pip' command.
You are using pip version 9.0.1, however version 10.0.0 is available.
You should consider upgrading via the 'pip install --upgrade pip' command.
/home/gongyifan/work/openNMT-base/onmt/modules/GlobalAttention.py:176: UserWarning: Implicit dimension choice for softmax has been deprecated. Change the call to include dim=X as an argument.
  align_vectors = self.sm(align.view(batch*targetL, sourceL))
/home/gongyifan/env/local/lib/python2.7/site-packages/torch/nn/modules/container.py:67: UserWarning: Implicit dimension choice for log_softmax has been deprecated. Change the call to include dim=X as an argument.
  input = module(input)
/home/gongyifan/env/local/lib/python2.7/site-packages/torch/tensor.py:309: UserWarning: other is not broadcastable to self, but they have the same number of elements.  Falling back to deprecated pointwise behavior.
  return self.add_(other)
Loading model parameters.
('average src size', 108, 725)
==================================================
15 beam_size
wu length_penalty
0.2 alpha
wu coverage_penalty
0.4 beta
==================================================
PRED AVG SCORE: -4.0557, PRED PPL: 57.7255
GOLD AVG SCORE: -2.5692, GOLD PPL: 13.0558
python translate.py -model base_line_lcsts/_acc_*_e30.pt -batch_size 50 -src lcsts/725_source -tgt lcsts/725_target -output penalty/pre.e30_len_0.2_cov_0.6 -beam_size 15 -length_penalty wu -coverage_penalty wu -alpha 0.2 -beta 0.6
You are using pip version 9.0.1, however version 10.0.0 is available.
You should consider upgrading via the 'pip install --upgrade pip' command.
You are using pip version 9.0.1, however version 10.0.0 is available.
You should consider upgrading via the 'pip install --upgrade pip' command.
/home/gongyifan/work/openNMT-base/onmt/modules/GlobalAttention.py:176: UserWarning: Implicit dimension choice for softmax has been deprecated. Change the call to include dim=X as an argument.
  align_vectors = self.sm(align.view(batch*targetL, sourceL))
/home/gongyifan/env/local/lib/python2.7/site-packages/torch/nn/modules/container.py:67: UserWarning: Implicit dimension choice for log_softmax has been deprecated. Change the call to include dim=X as an argument.
  input = module(input)
/home/gongyifan/env/local/lib/python2.7/site-packages/torch/tensor.py:309: UserWarning: other is not broadcastable to self, but they have the same number of elements.  Falling back to deprecated pointwise behavior.
  return self.add_(other)
Loading model parameters.
('average src size', 108, 725)
==================================================
15 beam_size
wu length_penalty
0.2 alpha
wu coverage_penalty
0.6 beta
==================================================
PRED AVG SCORE: -5.7349, PRED PPL: 309.4967
GOLD AVG SCORE: -2.5692, GOLD PPL: 13.0558
python translate.py -model base_line_lcsts/_acc_*_e30.pt -batch_size 50 -src lcsts/725_source -tgt lcsts/725_target -output penalty/pre.e30_len_0.2_cov_0.8 -beam_size 15 -length_penalty wu -coverage_penalty wu -alpha 0.2 -beta 0.8
You are using pip version 9.0.1, however version 10.0.0 is available.
You should consider upgrading via the 'pip install --upgrade pip' command.
You are using pip version 9.0.1, however version 10.0.0 is available.
You should consider upgrading via the 'pip install --upgrade pip' command.
/home/gongyifan/work/openNMT-base/onmt/modules/GlobalAttention.py:176: UserWarning: Implicit dimension choice for softmax has been deprecated. Change the call to include dim=X as an argument.
  align_vectors = self.sm(align.view(batch*targetL, sourceL))
/home/gongyifan/env/local/lib/python2.7/site-packages/torch/nn/modules/container.py:67: UserWarning: Implicit dimension choice for log_softmax has been deprecated. Change the call to include dim=X as an argument.
  input = module(input)
/home/gongyifan/env/local/lib/python2.7/site-packages/torch/tensor.py:309: UserWarning: other is not broadcastable to self, but they have the same number of elements.  Falling back to deprecated pointwise behavior.
  return self.add_(other)
Loading model parameters.
('average src size', 108, 725)
==================================================
15 beam_size
wu length_penalty
0.2 alpha
wu coverage_penalty
0.8 beta
==================================================
PRED AVG SCORE: -7.4383, PRED PPL: 1699.8002
GOLD AVG SCORE: -2.5692, GOLD PPL: 13.0558
python translate.py -model base_line_lcsts/_acc_*_e30.pt -batch_size 50 -src lcsts/725_source -tgt lcsts/725_target -output penalty/pre.e30_len_0.2_cov_1.0 -beam_size 15 -length_penalty wu -coverage_penalty wu -alpha 0.2 -beta 1.0
You are using pip version 9.0.1, however version 10.0.0 is available.
You should consider upgrading via the 'pip install --upgrade pip' command.
You are using pip version 9.0.1, however version 10.0.0 is available.
You should consider upgrading via the 'pip install --upgrade pip' command.
/home/gongyifan/work/openNMT-base/onmt/modules/GlobalAttention.py:176: UserWarning: Implicit dimension choice for softmax has been deprecated. Change the call to include dim=X as an argument.
  align_vectors = self.sm(align.view(batch*targetL, sourceL))
/home/gongyifan/env/local/lib/python2.7/site-packages/torch/nn/modules/container.py:67: UserWarning: Implicit dimension choice for log_softmax has been deprecated. Change the call to include dim=X as an argument.
  input = module(input)
/home/gongyifan/env/local/lib/python2.7/site-packages/torch/tensor.py:309: UserWarning: other is not broadcastable to self, but they have the same number of elements.  Falling back to deprecated pointwise behavior.
  return self.add_(other)
Loading model parameters.
('average src size', 108, 725)
==================================================
15 beam_size
wu length_penalty
0.2 alpha
wu coverage_penalty
1.0 beta
==================================================
PRED AVG SCORE: -9.1566, PRED PPL: 9476.5817
GOLD AVG SCORE: -2.5692, GOLD PPL: 13.0558
python translate.py -model base_line_lcsts/_acc_*_e30.pt -batch_size 50 -src lcsts/725_source -tgt lcsts/725_target -output penalty/pre.e30_len_0.4_cov_0 -beam_size 15 -length_penalty wu -coverage_penalty wu -alpha 0.4 -beta 0
You are using pip version 9.0.1, however version 10.0.0 is available.
You should consider upgrading via the 'pip install --upgrade pip' command.
You are using pip version 9.0.1, however version 10.0.0 is available.
You should consider upgrading via the 'pip install --upgrade pip' command.
/home/gongyifan/work/openNMT-base/onmt/modules/GlobalAttention.py:176: UserWarning: Implicit dimension choice for softmax has been deprecated. Change the call to include dim=X as an argument.
  align_vectors = self.sm(align.view(batch*targetL, sourceL))
/home/gongyifan/env/local/lib/python2.7/site-packages/torch/nn/modules/container.py:67: UserWarning: Implicit dimension choice for log_softmax has been deprecated. Change the call to include dim=X as an argument.
  input = module(input)
/home/gongyifan/env/local/lib/python2.7/site-packages/torch/tensor.py:309: UserWarning: other is not broadcastable to self, but they have the same number of elements.  Falling back to deprecated pointwise behavior.
  return self.add_(other)
Loading model parameters.
('average src size', 108, 725)
==================================================
15 beam_size
wu length_penalty
0.4 alpha
wu coverage_penalty
0.0 beta
==================================================
PRED AVG SCORE: -0.3214, PRED PPL: 1.3791
GOLD AVG SCORE: -2.5692, GOLD PPL: 13.0558
python translate.py -model base_line_lcsts/_acc_*_e30.pt -batch_size 50 -src lcsts/725_source -tgt lcsts/725_target -output penalty/pre.e30_len_0.4_cov_0.2 -beam_size 15 -length_penalty wu -coverage_penalty wu -alpha 0.4 -beta 0.2
You are using pip version 9.0.1, however version 10.0.0 is available.
You should consider upgrading via the 'pip install --upgrade pip' command.
You are using pip version 9.0.1, however version 10.0.0 is available.
You should consider upgrading via the 'pip install --upgrade pip' command.
/home/gongyifan/work/openNMT-base/onmt/modules/GlobalAttention.py:176: UserWarning: Implicit dimension choice for softmax has been deprecated. Change the call to include dim=X as an argument.
  align_vectors = self.sm(align.view(batch*targetL, sourceL))
/home/gongyifan/env/local/lib/python2.7/site-packages/torch/nn/modules/container.py:67: UserWarning: Implicit dimension choice for log_softmax has been deprecated. Change the call to include dim=X as an argument.
  input = module(input)
/home/gongyifan/env/local/lib/python2.7/site-packages/torch/tensor.py:309: UserWarning: other is not broadcastable to self, but they have the same number of elements.  Falling back to deprecated pointwise behavior.
  return self.add_(other)
Loading model parameters.
('average src size', 108, 725)
==================================================
15 beam_size
wu length_penalty
0.4 alpha
wu coverage_penalty
0.2 beta
==================================================
PRED AVG SCORE: -2.1540, PRED PPL: 8.6195
GOLD AVG SCORE: -2.5692, GOLD PPL: 13.0558
python translate.py -model base_line_lcsts/_acc_*_e30.pt -batch_size 50 -src lcsts/725_source -tgt lcsts/725_target -output penalty/pre.e30_len_0.4_cov_0.4 -beam_size 15 -length_penalty wu -coverage_penalty wu -alpha 0.4 -beta 0.4
You are using pip version 9.0.1, however version 10.0.0 is available.
You should consider upgrading via the 'pip install --upgrade pip' command.
You are using pip version 9.0.1, however version 10.0.0 is available.
You should consider upgrading via the 'pip install --upgrade pip' command.
/home/gongyifan/work/openNMT-base/onmt/modules/GlobalAttention.py:176: UserWarning: Implicit dimension choice for softmax has been deprecated. Change the call to include dim=X as an argument.
  align_vectors = self.sm(align.view(batch*targetL, sourceL))
/home/gongyifan/env/local/lib/python2.7/site-packages/torch/nn/modules/container.py:67: UserWarning: Implicit dimension choice for log_softmax has been deprecated. Change the call to include dim=X as an argument.
  input = module(input)
/home/gongyifan/env/local/lib/python2.7/site-packages/torch/tensor.py:309: UserWarning: other is not broadcastable to self, but they have the same number of elements.  Falling back to deprecated pointwise behavior.
  return self.add_(other)
Loading model parameters.
('average src size', 108, 725)
==================================================
15 beam_size
wu length_penalty
0.4 alpha
wu coverage_penalty
0.4 beta
==================================================
PRED AVG SCORE: -3.8432, PRED PPL: 46.6743
GOLD AVG SCORE: -2.5692, GOLD PPL: 13.0558
python translate.py -model base_line_lcsts/_acc_*_e30.pt -batch_size 50 -src lcsts/725_source -tgt lcsts/725_target -output penalty/pre.e30_len_0.4_cov_0.6 -beam_size 15 -length_penalty wu -coverage_penalty wu -alpha 0.4 -beta 0.6
You are using pip version 9.0.1, however version 10.0.0 is available.
You should consider upgrading via the 'pip install --upgrade pip' command.
You are using pip version 9.0.1, however version 10.0.0 is available.
You should consider upgrading via the 'pip install --upgrade pip' command.
/home/gongyifan/work/openNMT-base/onmt/modules/GlobalAttention.py:176: UserWarning: Implicit dimension choice for softmax has been deprecated. Change the call to include dim=X as an argument.
  align_vectors = self.sm(align.view(batch*targetL, sourceL))
/home/gongyifan/env/local/lib/python2.7/site-packages/torch/nn/modules/container.py:67: UserWarning: Implicit dimension choice for log_softmax has been deprecated. Change the call to include dim=X as an argument.
  input = module(input)
/home/gongyifan/env/local/lib/python2.7/site-packages/torch/tensor.py:309: UserWarning: other is not broadcastable to self, but they have the same number of elements.  Falling back to deprecated pointwise behavior.
  return self.add_(other)
Loading model parameters.
('average src size', 108, 725)
==================================================
15 beam_size
wu length_penalty
0.4 alpha
wu coverage_penalty
0.6 beta
==================================================
PRED AVG SCORE: -5.5536, PRED PPL: 258.1711
GOLD AVG SCORE: -2.5692, GOLD PPL: 13.0558
python translate.py -model base_line_lcsts/_acc_*_e30.pt -batch_size 50 -src lcsts/725_source -tgt lcsts/725_target -output penalty/pre.e30_len_0.4_cov_0.8 -beam_size 15 -length_penalty wu -coverage_penalty wu -alpha 0.4 -beta 0.8
You are using pip version 9.0.1, however version 10.0.0 is available.
You should consider upgrading via the 'pip install --upgrade pip' command.
You are using pip version 9.0.1, however version 10.0.0 is available.
You should consider upgrading via the 'pip install --upgrade pip' command.
/home/gongyifan/work/openNMT-base/onmt/modules/GlobalAttention.py:176: UserWarning: Implicit dimension choice for softmax has been deprecated. Change the call to include dim=X as an argument.
  align_vectors = self.sm(align.view(batch*targetL, sourceL))
/home/gongyifan/env/local/lib/python2.7/site-packages/torch/nn/modules/container.py:67: UserWarning: Implicit dimension choice for log_softmax has been deprecated. Change the call to include dim=X as an argument.
  input = module(input)
/home/gongyifan/env/local/lib/python2.7/site-packages/torch/tensor.py:309: UserWarning: other is not broadcastable to self, but they have the same number of elements.  Falling back to deprecated pointwise behavior.
  return self.add_(other)
Loading model parameters.
('average src size', 108, 725)
==================================================
15 beam_size
wu length_penalty
0.4 alpha
wu coverage_penalty
0.8 beta
==================================================
PRED AVG SCORE: -7.2660, PRED PPL: 1430.8862
GOLD AVG SCORE: -2.5692, GOLD PPL: 13.0558
python translate.py -model base_line_lcsts/_acc_*_e30.pt -batch_size 50 -src lcsts/725_source -tgt lcsts/725_target -output penalty/pre.e30_len_0.4_cov_1.0 -beam_size 15 -length_penalty wu -coverage_penalty wu -alpha 0.4 -beta 1.0
You are using pip version 9.0.1, however version 10.0.0 is available.
You should consider upgrading via the 'pip install --upgrade pip' command.
You are using pip version 9.0.1, however version 10.0.0 is available.
You should consider upgrading via the 'pip install --upgrade pip' command.
/home/gongyifan/work/openNMT-base/onmt/modules/GlobalAttention.py:176: UserWarning: Implicit dimension choice for softmax has been deprecated. Change the call to include dim=X as an argument.
  align_vectors = self.sm(align.view(batch*targetL, sourceL))
/home/gongyifan/env/local/lib/python2.7/site-packages/torch/nn/modules/container.py:67: UserWarning: Implicit dimension choice for log_softmax has been deprecated. Change the call to include dim=X as an argument.
  input = module(input)
/home/gongyifan/env/local/lib/python2.7/site-packages/torch/tensor.py:309: UserWarning: other is not broadcastable to self, but they have the same number of elements.  Falling back to deprecated pointwise behavior.
  return self.add_(other)
Loading model parameters.
('average src size', 108, 725)
==================================================
15 beam_size
wu length_penalty
0.4 alpha
wu coverage_penalty
1.0 beta
==================================================
PRED AVG SCORE: -8.9886, PRED PPL: 8011.2400
GOLD AVG SCORE: -2.5692, GOLD PPL: 13.0558
python translate.py -model base_line_lcsts/_acc_*_e30.pt -batch_size 50 -src lcsts/725_source -tgt lcsts/725_target -output penalty/pre.e30_len_0.6_cov_0 -beam_size 15 -length_penalty wu -coverage_penalty wu -alpha 0.6 -beta 0
You are using pip version 9.0.1, however version 10.0.0 is available.
You should consider upgrading via the 'pip install --upgrade pip' command.
You are using pip version 9.0.1, however version 10.0.0 is available.
You should consider upgrading via the 'pip install --upgrade pip' command.
/home/gongyifan/work/openNMT-base/onmt/modules/GlobalAttention.py:176: UserWarning: Implicit dimension choice for softmax has been deprecated. Change the call to include dim=X as an argument.
  align_vectors = self.sm(align.view(batch*targetL, sourceL))
/home/gongyifan/env/local/lib/python2.7/site-packages/torch/nn/modules/container.py:67: UserWarning: Implicit dimension choice for log_softmax has been deprecated. Change the call to include dim=X as an argument.
  input = module(input)
/home/gongyifan/env/local/lib/python2.7/site-packages/torch/tensor.py:309: UserWarning: other is not broadcastable to self, but they have the same number of elements.  Falling back to deprecated pointwise behavior.
  return self.add_(other)
Loading model parameters.
('average src size', 108, 725)
==================================================
15 beam_size
wu length_penalty
0.6 alpha
wu coverage_penalty
0.0 beta
==================================================
PRED AVG SCORE: -0.2381, PRED PPL: 1.2688
GOLD AVG SCORE: -2.5692, GOLD PPL: 13.0558
python translate.py -model base_line_lcsts/_acc_*_e30.pt -batch_size 50 -src lcsts/725_source -tgt lcsts/725_target -output penalty/pre.e30_len_0.6_cov_0.2 -beam_size 15 -length_penalty wu -coverage_penalty wu -alpha 0.6 -beta 0.2
You are using pip version 9.0.1, however version 10.0.0 is available.
You should consider upgrading via the 'pip install --upgrade pip' command.
You are using pip version 9.0.1, however version 10.0.0 is available.
You should consider upgrading via the 'pip install --upgrade pip' command.
/home/gongyifan/work/openNMT-base/onmt/modules/GlobalAttention.py:176: UserWarning: Implicit dimension choice for softmax has been deprecated. Change the call to include dim=X as an argument.
  align_vectors = self.sm(align.view(batch*targetL, sourceL))
/home/gongyifan/env/local/lib/python2.7/site-packages/torch/nn/modules/container.py:67: UserWarning: Implicit dimension choice for log_softmax has been deprecated. Change the call to include dim=X as an argument.
  input = module(input)
/home/gongyifan/env/local/lib/python2.7/site-packages/torch/tensor.py:309: UserWarning: other is not broadcastable to self, but they have the same number of elements.  Falling back to deprecated pointwise behavior.
  return self.add_(other)
Loading model parameters.
('average src size', 108, 725)
==================================================
15 beam_size
wu length_penalty
0.6 alpha
wu coverage_penalty
0.2 beta
==================================================
PRED AVG SCORE: -2.0112, PRED PPL: 7.4726
GOLD AVG SCORE: -2.5692, GOLD PPL: 13.0558
python translate.py -model base_line_lcsts/_acc_*_e30.pt -batch_size 50 -src lcsts/725_source -tgt lcsts/725_target -output penalty/pre.e30_len_0.6_cov_0.4 -beam_size 15 -length_penalty wu -coverage_penalty wu -alpha 0.6 -beta 0.4
You are using pip version 9.0.1, however version 10.0.0 is available.
You should consider upgrading via the 'pip install --upgrade pip' command.
You are using pip version 9.0.1, however version 10.0.0 is available.
You should consider upgrading via the 'pip install --upgrade pip' command.
/home/gongyifan/work/openNMT-base/onmt/modules/GlobalAttention.py:176: UserWarning: Implicit dimension choice for softmax has been deprecated. Change the call to include dim=X as an argument.
  align_vectors = self.sm(align.view(batch*targetL, sourceL))
/home/gongyifan/env/local/lib/python2.7/site-packages/torch/nn/modules/container.py:67: UserWarning: Implicit dimension choice for log_softmax has been deprecated. Change the call to include dim=X as an argument.
  input = module(input)
/home/gongyifan/env/local/lib/python2.7/site-packages/torch/tensor.py:309: UserWarning: other is not broadcastable to self, but they have the same number of elements.  Falling back to deprecated pointwise behavior.
  return self.add_(other)
Loading model parameters.
('average src size', 108, 725)
==================================================
15 beam_size
wu length_penalty
0.6 alpha
wu coverage_penalty
0.4 beta
==================================================
PRED AVG SCORE: -3.7166, PRED PPL: 41.1236
GOLD AVG SCORE: -2.5692, GOLD PPL: 13.0558
python translate.py -model base_line_lcsts/_acc_*_e30.pt -batch_size 50 -src lcsts/725_source -tgt lcsts/725_target -output penalty/pre.e30_len_0.6_cov_0.6 -beam_size 15 -length_penalty wu -coverage_penalty wu -alpha 0.6 -beta 0.6
You are using pip version 9.0.1, however version 10.0.0 is available.
You should consider upgrading via the 'pip install --upgrade pip' command.
You are using pip version 9.0.1, however version 10.0.0 is available.
You should consider upgrading via the 'pip install --upgrade pip' command.
/home/gongyifan/work/openNMT-base/onmt/modules/GlobalAttention.py:176: UserWarning: Implicit dimension choice for softmax has been deprecated. Change the call to include dim=X as an argument.
  align_vectors = self.sm(align.view(batch*targetL, sourceL))
/home/gongyifan/env/local/lib/python2.7/site-packages/torch/nn/modules/container.py:67: UserWarning: Implicit dimension choice for log_softmax has been deprecated. Change the call to include dim=X as an argument.
  input = module(input)
/home/gongyifan/env/local/lib/python2.7/site-packages/torch/tensor.py:309: UserWarning: other is not broadcastable to self, but they have the same number of elements.  Falling back to deprecated pointwise behavior.
  return self.add_(other)
Loading model parameters.
('average src size', 108, 725)
==================================================
15 beam_size
wu length_penalty
0.6 alpha
wu coverage_penalty
0.6 beta
==================================================
PRED AVG SCORE: -5.4342, PRED PPL: 229.1041
GOLD AVG SCORE: -2.5692, GOLD PPL: 13.0558
python translate.py -model base_line_lcsts/_acc_*_e30.pt -batch_size 50 -src lcsts/725_source -tgt lcsts/725_target -output penalty/pre.e30_len_0.6_cov_0.8 -beam_size 15 -length_penalty wu -coverage_penalty wu -alpha 0.6 -beta 0.8
You are using pip version 9.0.1, however version 10.0.0 is available.
You should consider upgrading via the 'pip install --upgrade pip' command.
You are using pip version 9.0.1, however version 10.0.0 is available.
You should consider upgrading via the 'pip install --upgrade pip' command.
/home/gongyifan/work/openNMT-base/onmt/modules/GlobalAttention.py:176: UserWarning: Implicit dimension choice for softmax has been deprecated. Change the call to include dim=X as an argument.
  align_vectors = self.sm(align.view(batch*targetL, sourceL))
/home/gongyifan/env/local/lib/python2.7/site-packages/torch/nn/modules/container.py:67: UserWarning: Implicit dimension choice for log_softmax has been deprecated. Change the call to include dim=X as an argument.
  input = module(input)
/home/gongyifan/env/local/lib/python2.7/site-packages/torch/tensor.py:309: UserWarning: other is not broadcastable to self, but they have the same number of elements.  Falling back to deprecated pointwise behavior.
  return self.add_(other)
Loading model parameters.
('average src size', 108, 725)
==================================================
15 beam_size
wu length_penalty
0.6 alpha
wu coverage_penalty
0.8 beta
==================================================
PRED AVG SCORE: -7.1493, PRED PPL: 1273.1799
GOLD AVG SCORE: -2.5692, GOLD PPL: 13.0558
python translate.py -model base_line_lcsts/_acc_*_e30.pt -batch_size 50 -src lcsts/725_source -tgt lcsts/725_target -output penalty/pre.e30_len_0.6_cov_1.0 -beam_size 15 -length_penalty wu -coverage_penalty wu -alpha 0.6 -beta 1.0
You are using pip version 9.0.1, however version 10.0.0 is available.
You should consider upgrading via the 'pip install --upgrade pip' command.
You are using pip version 9.0.1, however version 10.0.0 is available.
You should consider upgrading via the 'pip install --upgrade pip' command.
/home/gongyifan/work/openNMT-base/onmt/modules/GlobalAttention.py:176: UserWarning: Implicit dimension choice for softmax has been deprecated. Change the call to include dim=X as an argument.
  align_vectors = self.sm(align.view(batch*targetL, sourceL))
/home/gongyifan/env/local/lib/python2.7/site-packages/torch/nn/modules/container.py:67: UserWarning: Implicit dimension choice for log_softmax has been deprecated. Change the call to include dim=X as an argument.
  input = module(input)
/home/gongyifan/env/local/lib/python2.7/site-packages/torch/tensor.py:309: UserWarning: other is not broadcastable to self, but they have the same number of elements.  Falling back to deprecated pointwise behavior.
  return self.add_(other)
Loading model parameters.
('average src size', 108, 725)
==================================================
15 beam_size
wu length_penalty
0.6 alpha
wu coverage_penalty
1.0 beta
==================================================
PRED AVG SCORE: -8.8665, PRED PPL: 7090.7410
GOLD AVG SCORE: -2.5692, GOLD PPL: 13.0558
python translate.py -model base_line_lcsts/_acc_*_e30.pt -batch_size 50 -src lcsts/725_source -tgt lcsts/725_target -output penalty/pre.e30_len_0.8_cov_0 -beam_size 15 -length_penalty wu -coverage_penalty wu -alpha 0.8 -beta 0
You are using pip version 9.0.1, however version 10.0.0 is available.
You should consider upgrading via the 'pip install --upgrade pip' command.
You are using pip version 9.0.1, however version 10.0.0 is available.
You should consider upgrading via the 'pip install --upgrade pip' command.
/home/gongyifan/work/openNMT-base/onmt/modules/GlobalAttention.py:176: UserWarning: Implicit dimension choice for softmax has been deprecated. Change the call to include dim=X as an argument.
  align_vectors = self.sm(align.view(batch*targetL, sourceL))
/home/gongyifan/env/local/lib/python2.7/site-packages/torch/nn/modules/container.py:67: UserWarning: Implicit dimension choice for log_softmax has been deprecated. Change the call to include dim=X as an argument.
  input = module(input)
/home/gongyifan/env/local/lib/python2.7/site-packages/torch/tensor.py:309: UserWarning: other is not broadcastable to self, but they have the same number of elements.  Falling back to deprecated pointwise behavior.
  return self.add_(other)
Loading model parameters.
('average src size', 108, 725)
==================================================
15 beam_size
wu length_penalty
0.8 alpha
wu coverage_penalty
0.0 beta
==================================================
PRED AVG SCORE: -0.1744, PRED PPL: 1.1906
GOLD AVG SCORE: -2.5692, GOLD PPL: 13.0558
python translate.py -model base_line_lcsts/_acc_*_e30.pt -batch_size 50 -src lcsts/725_source -tgt lcsts/725_target -output penalty/pre.e30_len_0.8_cov_0.2 -beam_size 15 -length_penalty wu -coverage_penalty wu -alpha 0.8 -beta 0.2
You are using pip version 9.0.1, however version 10.0.0 is available.
You should consider upgrading via the 'pip install --upgrade pip' command.
You are using pip version 9.0.1, however version 10.0.0 is available.
You should consider upgrading via the 'pip install --upgrade pip' command.
/home/gongyifan/work/openNMT-base/onmt/modules/GlobalAttention.py:176: UserWarning: Implicit dimension choice for softmax has been deprecated. Change the call to include dim=X as an argument.
  align_vectors = self.sm(align.view(batch*targetL, sourceL))
/home/gongyifan/env/local/lib/python2.7/site-packages/torch/nn/modules/container.py:67: UserWarning: Implicit dimension choice for log_softmax has been deprecated. Change the call to include dim=X as an argument.
  input = module(input)
/home/gongyifan/env/local/lib/python2.7/site-packages/torch/tensor.py:309: UserWarning: other is not broadcastable to self, but they have the same number of elements.  Falling back to deprecated pointwise behavior.
  return self.add_(other)
Loading model parameters.
('average src size', 108, 725)
==================================================
15 beam_size
wu length_penalty
0.8 alpha
wu coverage_penalty
0.2 beta
==================================================
PRED AVG SCORE: -1.9176, PRED PPL: 6.8048
GOLD AVG SCORE: -2.5692, GOLD PPL: 13.0558
python translate.py -model base_line_lcsts/_acc_*_e30.pt -batch_size 50 -src lcsts/725_source -tgt lcsts/725_target -output penalty/pre.e30_len_0.8_cov_0.4 -beam_size 15 -length_penalty wu -coverage_penalty wu -alpha 0.8 -beta 0.4
You are using pip version 9.0.1, however version 10.0.0 is available.
You should consider upgrading via the 'pip install --upgrade pip' command.
You are using pip version 9.0.1, however version 10.0.0 is available.
You should consider upgrading via the 'pip install --upgrade pip' command.
/home/gongyifan/work/openNMT-base/onmt/modules/GlobalAttention.py:176: UserWarning: Implicit dimension choice for softmax has been deprecated. Change the call to include dim=X as an argument.
  align_vectors = self.sm(align.view(batch*targetL, sourceL))
/home/gongyifan/env/local/lib/python2.7/site-packages/torch/nn/modules/container.py:67: UserWarning: Implicit dimension choice for log_softmax has been deprecated. Change the call to include dim=X as an argument.
  input = module(input)
/home/gongyifan/env/local/lib/python2.7/site-packages/torch/tensor.py:309: UserWarning: other is not broadcastable to self, but they have the same number of elements.  Falling back to deprecated pointwise behavior.
  return self.add_(other)
Loading model parameters.
('average src size', 108, 725)
==================================================
15 beam_size
wu length_penalty
0.8 alpha
wu coverage_penalty
0.4 beta
==================================================
PRED AVG SCORE: -3.6301, PRED PPL: 37.7180
GOLD AVG SCORE: -2.5692, GOLD PPL: 13.0558
python translate.py -model base_line_lcsts/_acc_*_e30.pt -batch_size 50 -src lcsts/725_source -tgt lcsts/725_target -output penalty/pre.e30_len_0.8_cov_0.6 -beam_size 15 -length_penalty wu -coverage_penalty wu -alpha 0.8 -beta 0.6
You are using pip version 9.0.1, however version 10.0.0 is available.
You should consider upgrading via the 'pip install --upgrade pip' command.
You are using pip version 9.0.1, however version 10.0.0 is available.
You should consider upgrading via the 'pip install --upgrade pip' command.
/home/gongyifan/work/openNMT-base/onmt/modules/GlobalAttention.py:176: UserWarning: Implicit dimension choice for softmax has been deprecated. Change the call to include dim=X as an argument.
  align_vectors = self.sm(align.view(batch*targetL, sourceL))
/home/gongyifan/env/local/lib/python2.7/site-packages/torch/nn/modules/container.py:67: UserWarning: Implicit dimension choice for log_softmax has been deprecated. Change the call to include dim=X as an argument.
  input = module(input)
/home/gongyifan/env/local/lib/python2.7/site-packages/torch/tensor.py:309: UserWarning: other is not broadcastable to self, but they have the same number of elements.  Falling back to deprecated pointwise behavior.
  return self.add_(other)
Loading model parameters.
('average src size', 108, 725)
==================================================
15 beam_size
wu length_penalty
0.8 alpha
wu coverage_penalty
0.6 beta
==================================================
PRED AVG SCORE: -5.3497, PRED PPL: 210.5429
GOLD AVG SCORE: -2.5692, GOLD PPL: 13.0558
python translate.py -model base_line_lcsts/_acc_*_e30.pt -batch_size 50 -src lcsts/725_source -tgt lcsts/725_target -output penalty/pre.e30_len_0.8_cov_0.8 -beam_size 15 -length_penalty wu -coverage_penalty wu -alpha 0.8 -beta 0.8
You are using pip version 9.0.1, however version 10.0.0 is available.
You should consider upgrading via the 'pip install --upgrade pip' command.
You are using pip version 9.0.1, however version 10.0.0 is available.
You should consider upgrading via the 'pip install --upgrade pip' command.
/home/gongyifan/work/openNMT-base/onmt/modules/GlobalAttention.py:176: UserWarning: Implicit dimension choice for softmax has been deprecated. Change the call to include dim=X as an argument.
  align_vectors = self.sm(align.view(batch*targetL, sourceL))
/home/gongyifan/env/local/lib/python2.7/site-packages/torch/nn/modules/container.py:67: UserWarning: Implicit dimension choice for log_softmax has been deprecated. Change the call to include dim=X as an argument.
  input = module(input)
/home/gongyifan/env/local/lib/python2.7/site-packages/torch/tensor.py:309: UserWarning: other is not broadcastable to self, but they have the same number of elements.  Falling back to deprecated pointwise behavior.
  return self.add_(other)
Loading model parameters.
('average src size', 108, 725)
==================================================
15 beam_size
wu length_penalty
0.8 alpha
wu coverage_penalty
0.8 beta
==================================================
PRED AVG SCORE: -7.0681, PRED PPL: 1173.9028
GOLD AVG SCORE: -2.5692, GOLD PPL: 13.0558
python translate.py -model base_line_lcsts/_acc_*_e30.pt -batch_size 50 -src lcsts/725_source -tgt lcsts/725_target -output penalty/pre.e30_len_0.8_cov_1.0 -beam_size 15 -length_penalty wu -coverage_penalty wu -alpha 0.8 -beta 1.0
You are using pip version 9.0.1, however version 10.0.0 is available.
You should consider upgrading via the 'pip install --upgrade pip' command.
You are using pip version 9.0.1, however version 10.0.0 is available.
You should consider upgrading via the 'pip install --upgrade pip' command.
/home/gongyifan/work/openNMT-base/onmt/modules/GlobalAttention.py:176: UserWarning: Implicit dimension choice for softmax has been deprecated. Change the call to include dim=X as an argument.
  align_vectors = self.sm(align.view(batch*targetL, sourceL))
/home/gongyifan/env/local/lib/python2.7/site-packages/torch/nn/modules/container.py:67: UserWarning: Implicit dimension choice for log_softmax has been deprecated. Change the call to include dim=X as an argument.
  input = module(input)
/home/gongyifan/env/local/lib/python2.7/site-packages/torch/tensor.py:309: UserWarning: other is not broadcastable to self, but they have the same number of elements.  Falling back to deprecated pointwise behavior.
  return self.add_(other)
Loading model parameters.
('average src size', 108, 725)
==================================================
15 beam_size
wu length_penalty
0.8 alpha
wu coverage_penalty
1.0 beta
==================================================
PRED AVG SCORE: -8.7843, PRED PPL: 6531.0689
GOLD AVG SCORE: -2.5692, GOLD PPL: 13.0558
python translate.py -model base_line_lcsts/_acc_*_e30.pt -batch_size 50 -src lcsts/725_source -tgt lcsts/725_target -output penalty/pre.e30_len_1.0_cov_0 -beam_size 15 -length_penalty wu -coverage_penalty wu -alpha 1.0 -beta 0
You are using pip version 9.0.1, however version 10.0.0 is available.
You should consider upgrading via the 'pip install --upgrade pip' command.
You are using pip version 9.0.1, however version 10.0.0 is available.
You should consider upgrading via the 'pip install --upgrade pip' command.
/home/gongyifan/work/openNMT-base/onmt/modules/GlobalAttention.py:176: UserWarning: Implicit dimension choice for softmax has been deprecated. Change the call to include dim=X as an argument.
  align_vectors = self.sm(align.view(batch*targetL, sourceL))
/home/gongyifan/env/local/lib/python2.7/site-packages/torch/nn/modules/container.py:67: UserWarning: Implicit dimension choice for log_softmax has been deprecated. Change the call to include dim=X as an argument.
  input = module(input)
/home/gongyifan/env/local/lib/python2.7/site-packages/torch/tensor.py:309: UserWarning: other is not broadcastable to self, but they have the same number of elements.  Falling back to deprecated pointwise behavior.
  return self.add_(other)
Loading model parameters.
('average src size', 108, 725)
==================================================
15 beam_size
wu length_penalty
1.0 alpha
wu coverage_penalty
0.0 beta
==================================================
PRED AVG SCORE: -0.1254, PRED PPL: 1.1337
GOLD AVG SCORE: -2.5692, GOLD PPL: 13.0558
python translate.py -model base_line_lcsts/_acc_*_e30.pt -batch_size 50 -src lcsts/725_source -tgt lcsts/725_target -output penalty/pre.e30_len_1.0_cov_0.2 -beam_size 15 -length_penalty wu -coverage_penalty wu -alpha 1.0 -beta 0.2
You are using pip version 9.0.1, however version 10.0.0 is available.
You should consider upgrading via the 'pip install --upgrade pip' command.
You are using pip version 9.0.1, however version 10.0.0 is available.
You should consider upgrading via the 'pip install --upgrade pip' command.
/home/gongyifan/work/openNMT-base/onmt/modules/GlobalAttention.py:176: UserWarning: Implicit dimension choice for softmax has been deprecated. Change the call to include dim=X as an argument.
  align_vectors = self.sm(align.view(batch*targetL, sourceL))
/home/gongyifan/env/local/lib/python2.7/site-packages/torch/nn/modules/container.py:67: UserWarning: Implicit dimension choice for log_softmax has been deprecated. Change the call to include dim=X as an argument.
  input = module(input)
/home/gongyifan/env/local/lib/python2.7/site-packages/torch/tensor.py:309: UserWarning: other is not broadcastable to self, but they have the same number of elements.  Falling back to deprecated pointwise behavior.
  return self.add_(other)
Loading model parameters.
('average src size', 108, 725)
==================================================
15 beam_size
wu length_penalty
1.0 alpha
wu coverage_penalty
0.2 beta
==================================================
PRED AVG SCORE: -1.8559, PRED PPL: 6.3974
GOLD AVG SCORE: -2.5692, GOLD PPL: 13.0558
python translate.py -model base_line_lcsts/_acc_*_e30.pt -batch_size 50 -src lcsts/725_source -tgt lcsts/725_target -output penalty/pre.e30_len_1.0_cov_0.4 -beam_size 15 -length_penalty wu -coverage_penalty wu -alpha 1.0 -beta 0.4
You are using pip version 9.0.1, however version 10.0.0 is available.
You should consider upgrading via the 'pip install --upgrade pip' command.
You are using pip version 9.0.1, however version 10.0.0 is available.
You should consider upgrading via the 'pip install --upgrade pip' command.
/home/gongyifan/work/openNMT-base/onmt/modules/GlobalAttention.py:176: UserWarning: Implicit dimension choice for softmax has been deprecated. Change the call to include dim=X as an argument.
  align_vectors = self.sm(align.view(batch*targetL, sourceL))
/home/gongyifan/env/local/lib/python2.7/site-packages/torch/nn/modules/container.py:67: UserWarning: Implicit dimension choice for log_softmax has been deprecated. Change the call to include dim=X as an argument.
  input = module(input)
/home/gongyifan/env/local/lib/python2.7/site-packages/torch/tensor.py:309: UserWarning: other is not broadcastable to self, but they have the same number of elements.  Falling back to deprecated pointwise behavior.
  return self.add_(other)
Loading model parameters.
('average src size', 108, 725)
==================================================
15 beam_size
wu length_penalty
1.0 alpha
wu coverage_penalty
0.4 beta
==================================================
PRED AVG SCORE: -3.5745, PRED PPL: 35.6784
GOLD AVG SCORE: -2.5692, GOLD PPL: 13.0558
python translate.py -model base_line_lcsts/_acc_*_e30.pt -batch_size 50 -src lcsts/725_source -tgt lcsts/725_target -output penalty/pre.e30_len_1.0_cov_0.6 -beam_size 15 -length_penalty wu -coverage_penalty wu -alpha 1.0 -beta 0.6
You are using pip version 9.0.1, however version 10.0.0 is available.
You should consider upgrading via the 'pip install --upgrade pip' command.
You are using pip version 9.0.1, however version 10.0.0 is available.
You should consider upgrading via the 'pip install --upgrade pip' command.
/home/gongyifan/work/openNMT-base/onmt/modules/GlobalAttention.py:176: UserWarning: Implicit dimension choice for softmax has been deprecated. Change the call to include dim=X as an argument.
  align_vectors = self.sm(align.view(batch*targetL, sourceL))
/home/gongyifan/env/local/lib/python2.7/site-packages/torch/nn/modules/container.py:67: UserWarning: Implicit dimension choice for log_softmax has been deprecated. Change the call to include dim=X as an argument.
  input = module(input)
/home/gongyifan/env/local/lib/python2.7/site-packages/torch/tensor.py:309: UserWarning: other is not broadcastable to self, but they have the same number of elements.  Falling back to deprecated pointwise behavior.
  return self.add_(other)
Loading model parameters.
('average src size', 108, 725)
==================================================
15 beam_size
wu length_penalty
1.0 alpha
wu coverage_penalty
0.6 beta
==================================================
PRED AVG SCORE: -5.2923, PRED PPL: 198.8012
GOLD AVG SCORE: -2.5692, GOLD PPL: 13.0558
python translate.py -model base_line_lcsts/_acc_*_e30.pt -batch_size 50 -src lcsts/725_source -tgt lcsts/725_target -output penalty/pre.e30_len_1.0_cov_0.8 -beam_size 15 -length_penalty wu -coverage_penalty wu -alpha 1.0 -beta 0.8
You are using pip version 9.0.1, however version 10.0.0 is available.
You should consider upgrading via the 'pip install --upgrade pip' command.
You are using pip version 9.0.1, however version 10.0.0 is available.
You should consider upgrading via the 'pip install --upgrade pip' command.
/home/gongyifan/work/openNMT-base/onmt/modules/GlobalAttention.py:176: UserWarning: Implicit dimension choice for softmax has been deprecated. Change the call to include dim=X as an argument.
  align_vectors = self.sm(align.view(batch*targetL, sourceL))
/home/gongyifan/env/local/lib/python2.7/site-packages/torch/nn/modules/container.py:67: UserWarning: Implicit dimension choice for log_softmax has been deprecated. Change the call to include dim=X as an argument.
  input = module(input)
/home/gongyifan/env/local/lib/python2.7/site-packages/torch/tensor.py:309: UserWarning: other is not broadcastable to self, but they have the same number of elements.  Falling back to deprecated pointwise behavior.
  return self.add_(other)
Loading model parameters.
('average src size', 108, 725)
==================================================
15 beam_size
wu length_penalty
1.0 alpha
wu coverage_penalty
0.8 beta
==================================================
PRED AVG SCORE: -7.0068, PRED PPL: 1104.1348
GOLD AVG SCORE: -2.5692, GOLD PPL: 13.0558
python translate.py -model base_line_lcsts/_acc_*_e30.pt -batch_size 50 -src lcsts/725_source -tgt lcsts/725_target -output penalty/pre.e30_len_1.0_cov_1.0 -beam_size 15 -length_penalty wu -coverage_penalty wu -alpha 1.0 -beta 1.0
You are using pip version 9.0.1, however version 10.0.0 is available.
You should consider upgrading via the 'pip install --upgrade pip' command.
You are using pip version 9.0.1, however version 10.0.0 is available.
You should consider upgrading via the 'pip install --upgrade pip' command.
/home/gongyifan/work/openNMT-base/onmt/modules/GlobalAttention.py:176: UserWarning: Implicit dimension choice for softmax has been deprecated. Change the call to include dim=X as an argument.
  align_vectors = self.sm(align.view(batch*targetL, sourceL))
/home/gongyifan/env/local/lib/python2.7/site-packages/torch/nn/modules/container.py:67: UserWarning: Implicit dimension choice for log_softmax has been deprecated. Change the call to include dim=X as an argument.
  input = module(input)
/home/gongyifan/env/local/lib/python2.7/site-packages/torch/tensor.py:309: UserWarning: other is not broadcastable to self, but they have the same number of elements.  Falling back to deprecated pointwise behavior.
  return self.add_(other)
Loading model parameters.
('average src size', 108, 725)
==================================================
15 beam_size
wu length_penalty
1.0 alpha
wu coverage_penalty
1.0 beta
==================================================
PRED AVG SCORE: -8.7243, PRED PPL: 6150.6814
GOLD AVG SCORE: -2.5692, GOLD PPL: 13.0558
